CRITICAL - 2022-10-23 17:35:58 --> The framework needs the following extension(s) installed and loaded: intl.
#0 C:\xampp\htdocs\stokisapp\system\CodeIgniter.php(219): CodeIgniter\Exceptions\FrameworkException::forMissingExtension('intl')
#1 C:\xampp\htdocs\stokisapp\system\CodeIgniter.php(177): CodeIgniter\CodeIgniter->resolvePlatformExtensions()
#2 C:\xampp\htdocs\stokisapp\system\bootstrap.php(146): CodeIgniter\CodeIgniter->initialize()
#3 C:\xampp\htdocs\stokisapp\spark(45): require('C:\\xampp\\htdocs...')
#4 {main}
CRITICAL - 2022-10-23 11:31:25 --> Call to undefined method CodeIgniter\View\View::extends()
#0 C:\xampp\htdocs\stokisapp\system\View\View.php(210): include()
#1 C:\xampp\htdocs\stokisapp\system\View\View.php(213): CodeIgniter\View\View->CodeIgniter\View\{closure}()
#2 C:\xampp\htdocs\stokisapp\system\Common.php(1089): CodeIgniter\View\View->render('pages/admin/pos', Array, true)
#3 C:\xampp\htdocs\stokisapp\app\Controllers\admin.php(31): view('pages/admin/pos', Array)
#4 C:\xampp\htdocs\stokisapp\system\CodeIgniter.php(832): App\Controllers\admin->pos()
#5 C:\xampp\htdocs\stokisapp\system\CodeIgniter.php(419): CodeIgniter\CodeIgniter->runController(Object(App\Controllers\admin))
#6 C:\xampp\htdocs\stokisapp\system\CodeIgniter.php(326): CodeIgniter\CodeIgniter->handleRequest(NULL, Object(Config\Cache), false)
#7 C:\xampp\htdocs\stokisapp\public\index.php(37): CodeIgniter\CodeIgniter->run()
#8 C:\xampp\htdocs\stokisapp\system\Commands\Server\rewrite.php(43): require_once('C:\\xampp\\htdocs...')
#9 {main}
CRITICAL - 2022-10-23 11:38:38 --> Invalid file: layout/template/admin.php
#0 C:\xampp\htdocs\stokisapp\system\View\View.php(198): CodeIgniter\Exceptions\FrameworkException::forInvalidFile('layout/template...')
#1 C:\xampp\htdocs\stokisapp\system\View\View.php(226): CodeIgniter\View\View->render('layout/template...', Array, true)
#2 C:\xampp\htdocs\stokisapp\system\Common.php(1089): CodeIgniter\View\View->render('pages/admin/pos', Array, true)
#3 C:\xampp\htdocs\stokisapp\app\Controllers\admin.php(31): view('pages/admin/pos', Array)
#4 C:\xampp\htdocs\stokisapp\system\CodeIgniter.php(832): App\Controllers\admin->pos()
#5 C:\xampp\htdocs\stokisapp\system\CodeIgniter.php(419): CodeIgniter\CodeIgniter->runController(Object(App\Controllers\admin))
#6 C:\xampp\htdocs\stokisapp\system\CodeIgniter.php(326): CodeIgniter\CodeIgniter->handleRequest(NULL, Object(Config\Cache), false)
#7 C:\xampp\htdocs\stokisapp\public\index.php(37): CodeIgniter\CodeIgniter->run()
#8 C:\xampp\htdocs\stokisapp\system\Commands\Server\rewrite.php(43): require_once('C:\\xampp\\htdocs...')
#9 {main}
CRITICAL - 2022-10-23 11:39:09 --> Invalid file: pages/admin/stok.php
#0 C:\xampp\htdocs\stokisapp\system\View\View.php(198): CodeIgniter\Exceptions\FrameworkException::forInvalidFile('pages/admin/sto...')
#1 C:\xampp\htdocs\stokisapp\system\Common.php(1089): CodeIgniter\View\View->render('pages/admin/sto...', Array, true)
#2 C:\xampp\htdocs\stokisapp\app\Controllers\admin.php(40): view('pages/admin/sto...', Array)
#3 C:\xampp\htdocs\stokisapp\system\CodeIgniter.php(832): App\Controllers\admin->stok()
#4 C:\xampp\htdocs\stokisapp\system\CodeIgniter.php(419): CodeIgniter\CodeIgniter->runController(Object(App\Controllers\admin))
#5 C:\xampp\htdocs\stokisapp\system\CodeIgniter.php(326): CodeIgniter\CodeIgniter->handleRequest(NULL, Object(Config\Cache), false)
#6 C:\xampp\htdocs\stokisapp\public\index.php(37): CodeIgniter\CodeIgniter->run()
#7 C:\xampp\htdocs\stokisapp\system\Commands\Server\rewrite.php(43): require_once('C:\\xampp\\htdocs...')
#8 {main}
CRITICAL - 2022-10-23 11:39:15 --> Undefined variable $produkDetail
#0 C:\xampp\htdocs\stokisapp\app\Views\pages\admin\produk.php(8): CodeIgniter\Debug\Exceptions->errorHandler(2, 'Undefined varia...', 'C:\\xampp\\htdocs...', 8)
#1 C:\xampp\htdocs\stokisapp\system\View\View.php(210): include('C:\\xampp\\htdocs...')
#2 C:\xampp\htdocs\stokisapp\system\View\View.php(213): CodeIgniter\View\View->CodeIgniter\View\{closure}()
#3 C:\xampp\htdocs\stokisapp\system\Common.php(1089): CodeIgniter\View\View->render('pages/admin/pro...', Array, true)
#4 C:\xampp\htdocs\stokisapp\app\Controllers\admin.php(77): view('pages/admin/pro...', Array)
#5 C:\xampp\htdocs\stokisapp\system\CodeIgniter.php(832): App\Controllers\admin->produk()
#6 C:\xampp\htdocs\stokisapp\system\CodeIgniter.php(419): CodeIgniter\CodeIgniter->runController(Object(App\Controllers\admin))
#7 C:\xampp\htdocs\stokisapp\system\CodeIgniter.php(326): CodeIgniter\CodeIgniter->handleRequest(NULL, Object(Config\Cache), false)
#8 C:\xampp\htdocs\stokisapp\public\index.php(37): CodeIgniter\CodeIgniter->run()
#9 C:\xampp\htdocs\stokisapp\system\Commands\Server\rewrite.php(43): require_once('C:\\xampp\\htdocs...')
#10 {main}
CRITICAL - 2022-10-23 11:39:24 --> Undefined variable $produkDetail
#0 C:\xampp\htdocs\stokisapp\app\Views\pages\admin\produk.php(8): CodeIgniter\Debug\Exceptions->errorHandler(2, 'Undefined varia...', 'C:\\xampp\\htdocs...', 8)
#1 C:\xampp\htdocs\stokisapp\system\View\View.php(210): include('C:\\xampp\\htdocs...')
#2 C:\xampp\htdocs\stokisapp\system\View\View.php(213): CodeIgniter\View\View->CodeIgniter\View\{closure}()
#3 C:\xampp\htdocs\stokisapp\system\Common.php(1089): CodeIgniter\View\View->render('pages/admin/pro...', Array, true)
#4 C:\xampp\htdocs\stokisapp\app\Controllers\admin.php(77): view('pages/admin/pro...', Array)
#5 C:\xampp\htdocs\stokisapp\system\CodeIgniter.php(832): App\Controllers\admin->produk()
#6 C:\xampp\htdocs\stokisapp\system\CodeIgniter.php(419): CodeIgniter\CodeIgniter->runController(Object(App\Controllers\admin))
#7 C:\xampp\htdocs\stokisapp\system\CodeIgniter.php(326): CodeIgniter\CodeIgniter->handleRequest(NULL, Object(Config\Cache), false)
#8 C:\xampp\htdocs\stokisapp\public\index.php(37): CodeIgniter\CodeIgniter->run()
#9 C:\xampp\htdocs\stokisapp\system\Commands\Server\rewrite.php(43): require_once('C:\\xampp\\htdocs...')
#10 {main}
CRITICAL - 2022-10-23 11:40:46 --> Undefined variable $id
#0 C:\xampp\htdocs\stokisapp\app\Controllers\admin.php(72): CodeIgniter\Debug\Exceptions->errorHandler(2, 'Undefined varia...', 'C:\\xampp\\htdocs...', 72)
#1 C:\xampp\htdocs\stokisapp\system\CodeIgniter.php(832): App\Controllers\admin->produk()
#2 C:\xampp\htdocs\stokisapp\system\CodeIgniter.php(419): CodeIgniter\CodeIgniter->runController(Object(App\Controllers\admin))
#3 C:\xampp\htdocs\stokisapp\system\CodeIgniter.php(326): CodeIgniter\CodeIgniter->handleRequest(NULL, Object(Config\Cache), false)
#4 C:\xampp\htdocs\stokisapp\public\index.php(37): CodeIgniter\CodeIgniter->run()
#5 C:\xampp\htdocs\stokisapp\system\Commands\Server\rewrite.php(43): require_once('C:\\xampp\\htdocs...')
#6 {main}
CRITICAL - 2022-10-23 11:41:14 --> Too few arguments to function App\Controllers\admin::produk(), 0 passed in C:\xampp\htdocs\stokisapp\system\CodeIgniter.php on line 832 and exactly 1 expected
#0 C:\xampp\htdocs\stokisapp\system\CodeIgniter.php(832): App\Controllers\admin->produk()
#1 C:\xampp\htdocs\stokisapp\system\CodeIgniter.php(419): CodeIgniter\CodeIgniter->runController(Object(App\Controllers\admin))
#2 C:\xampp\htdocs\stokisapp\system\CodeIgniter.php(326): CodeIgniter\CodeIgniter->handleRequest(NULL, Object(Config\Cache), false)
#3 C:\xampp\htdocs\stokisapp\public\index.php(37): CodeIgniter\CodeIgniter->run()
#4 C:\xampp\htdocs\stokisapp\system\Commands\Server\rewrite.php(43): require_once('C:\\xampp\\htdocs...')
#5 {main}
CRITICAL - 2022-10-23 11:41:17 --> View themes, no current section.
#0 C:\xampp\htdocs\stokisapp\app\Views\pages\admin\produk.php(140): CodeIgniter\View\View->endSection('content')
#1 C:\xampp\htdocs\stokisapp\system\View\View.php(210): include('C:\\xampp\\htdocs...')
#2 C:\xampp\htdocs\stokisapp\system\View\View.php(213): CodeIgniter\View\View->CodeIgniter\View\{closure}()
#3 C:\xampp\htdocs\stokisapp\system\Common.php(1089): CodeIgniter\View\View->render('pages/admin/pro...', Array, true)
#4 C:\xampp\htdocs\stokisapp\app\Controllers\admin.php(80): view('pages/admin/pro...', Array)
#5 C:\xampp\htdocs\stokisapp\system\CodeIgniter.php(832): App\Controllers\admin->produk('1')
#6 C:\xampp\htdocs\stokisapp\system\CodeIgniter.php(419): CodeIgniter\CodeIgniter->runController(Object(App\Controllers\admin))
#7 C:\xampp\htdocs\stokisapp\system\CodeIgniter.php(326): CodeIgniter\CodeIgniter->handleRequest(NULL, Object(Config\Cache), false)
#8 C:\xampp\htdocs\stokisapp\public\index.php(37): CodeIgniter\CodeIgniter->run()
#9 C:\xampp\htdocs\stokisapp\system\Commands\Server\rewrite.php(43): require_once('C:\\xampp\\htdocs...')
#10 {main}
CRITICAL - 2022-10-23 11:41:33 --> Too few arguments to function App\Controllers\admin::produk(), 0 passed in C:\xampp\htdocs\stokisapp\system\CodeIgniter.php on line 832 and exactly 1 expected
#0 C:\xampp\htdocs\stokisapp\system\CodeIgniter.php(832): App\Controllers\admin->produk()
#1 C:\xampp\htdocs\stokisapp\system\CodeIgniter.php(419): CodeIgniter\CodeIgniter->runController(Object(App\Controllers\admin))
#2 C:\xampp\htdocs\stokisapp\system\CodeIgniter.php(326): CodeIgniter\CodeIgniter->handleRequest(NULL, Object(Config\Cache), false)
#3 C:\xampp\htdocs\stokisapp\public\index.php(37): CodeIgniter\CodeIgniter->run()
#4 C:\xampp\htdocs\stokisapp\system\Commands\Server\rewrite.php(43): require_once('C:\\xampp\\htdocs...')
#5 {main}
CRITICAL - 2022-10-23 11:41:55 --> View themes, no current section.
#0 C:\xampp\htdocs\stokisapp\app\Views\pages\admin\produk.php(140): CodeIgniter\View\View->endSection('content')
#1 C:\xampp\htdocs\stokisapp\system\View\View.php(210): include('C:\\xampp\\htdocs...')
#2 C:\xampp\htdocs\stokisapp\system\View\View.php(213): CodeIgniter\View\View->CodeIgniter\View\{closure}()
#3 C:\xampp\htdocs\stokisapp\system\Common.php(1089): CodeIgniter\View\View->render('pages/admin/pro...', Array, true)
#4 C:\xampp\htdocs\stokisapp\app\Controllers\admin.php(80): view('pages/admin/pro...', Array)
#5 C:\xampp\htdocs\stokisapp\system\CodeIgniter.php(832): App\Controllers\admin->produk()
#6 C:\xampp\htdocs\stokisapp\system\CodeIgniter.php(419): CodeIgniter\CodeIgniter->runController(Object(App\Controllers\admin))
#7 C:\xampp\htdocs\stokisapp\system\CodeIgniter.php(326): CodeIgniter\CodeIgniter->handleRequest(NULL, Object(Config\Cache), false)
#8 C:\xampp\htdocs\stokisapp\public\index.php(37): CodeIgniter\CodeIgniter->run()
#9 C:\xampp\htdocs\stokisapp\system\Commands\Server\rewrite.php(43): require_once('C:\\xampp\\htdocs...')
#10 {main}
CRITICAL - 2022-10-23 20:23:39 --> Invalid file: layout/template/admin.php
#0 C:\xampp\htdocs\stokisapp\system\View\View.php(198): CodeIgniter\Exceptions\FrameworkException::forInvalidFile('layout/template...')
#1 C:\xampp\htdocs\stokisapp\system\View\View.php(226): CodeIgniter\View\View->render('layout/template...', Array, true)
#2 C:\xampp\htdocs\stokisapp\system\Common.php(1089): CodeIgniter\View\View->render('index', Array, true)
#3 C:\xampp\htdocs\stokisapp\app\Controllers\Home.php(34): view('index', Array)
#4 C:\xampp\htdocs\stokisapp\system\CodeIgniter.php(832): App\Controllers\Home->index()
#5 C:\xampp\htdocs\stokisapp\system\CodeIgniter.php(419): CodeIgniter\CodeIgniter->runController(Object(App\Controllers\Home))
#6 C:\xampp\htdocs\stokisapp\system\CodeIgniter.php(326): CodeIgniter\CodeIgniter->handleRequest(NULL, Object(Config\Cache), false)
#7 C:\xampp\htdocs\stokisapp\public\index.php(37): CodeIgniter\CodeIgniter->run()
#8 C:\xampp\htdocs\stokisapp\system\Commands\Server\rewrite.php(43): require_once('C:\\xampp\\htdocs...')
#9 {main}
CRITICAL - 2022-10-23 20:24:40 --> syntax error, unexpected token "[", expecting ";" or "{"
#0 C:\xampp\htdocs\stokisapp\system\Router\Router.php(175): CodeIgniter\Router\Router->autoRoute('admin')
#1 C:\xampp\htdocs\stokisapp\system\CodeIgniter.php(726): CodeIgniter\Router\Router->handle('admin')
#2 C:\xampp\htdocs\stokisapp\system\CodeIgniter.php(368): CodeIgniter\CodeIgniter->tryToRouteIt(Object(CodeIgniter\Router\RouteCollection))
#3 C:\xampp\htdocs\stokisapp\system\CodeIgniter.php(326): CodeIgniter\CodeIgniter->handleRequest(NULL, Object(Config\Cache), false)
#4 C:\xampp\htdocs\stokisapp\public\index.php(37): CodeIgniter\CodeIgniter->run()
#5 C:\xampp\htdocs\stokisapp\system\Commands\Server\rewrite.php(43): require_once('C:\\xampp\\htdocs...')
#6 {main}
CRITICAL - 2022-10-23 20:25:03 --> Class "App\Controllers\stokisModel" not found
#0 C:\xampp\htdocs\stokisapp\system\CodeIgniter.php(809): App\Controllers\admin->__construct()
#1 C:\xampp\htdocs\stokisapp\system\CodeIgniter.php(410): CodeIgniter\CodeIgniter->createController()
#2 C:\xampp\htdocs\stokisapp\system\CodeIgniter.php(326): CodeIgniter\CodeIgniter->handleRequest(NULL, Object(Config\Cache), false)
#3 C:\xampp\htdocs\stokisapp\public\index.php(37): CodeIgniter\CodeIgniter->run()
#4 C:\xampp\htdocs\stokisapp\system\Commands\Server\rewrite.php(43): require_once('C:\\xampp\\htdocs...')
#5 {main}
CRITICAL - 2022-10-23 20:25:43 --> Invalid file: pages/admin/stok.php
#0 C:\xampp\htdocs\stokisapp\system\View\View.php(198): CodeIgniter\Exceptions\FrameworkException::forInvalidFile('pages/admin/sto...')
#1 C:\xampp\htdocs\stokisapp\system\Common.php(1089): CodeIgniter\View\View->render('pages/admin/sto...', Array, true)
#2 C:\xampp\htdocs\stokisapp\app\Controllers\admin.php(43): view('pages/admin/sto...', Array)
#3 C:\xampp\htdocs\stokisapp\system\CodeIgniter.php(832): App\Controllers\admin->stok()
#4 C:\xampp\htdocs\stokisapp\system\CodeIgniter.php(419): CodeIgniter\CodeIgniter->runController(Object(App\Controllers\admin))
#5 C:\xampp\htdocs\stokisapp\system\CodeIgniter.php(326): CodeIgniter\CodeIgniter->handleRequest(NULL, Object(Config\Cache), false)
#6 C:\xampp\htdocs\stokisapp\public\index.php(37): CodeIgniter\CodeIgniter->run()
#7 C:\xampp\htdocs\stokisapp\system\Commands\Server\rewrite.php(43): require_once('C:\\xampp\\htdocs...')
#8 {main}
CRITICAL - 2022-10-23 20:26:06 --> Invalid file: pages/admin/stok.php
#0 C:\xampp\htdocs\stokisapp\system\View\View.php(198): CodeIgniter\Exceptions\FrameworkException::forInvalidFile('pages/admin/sto...')
#1 C:\xampp\htdocs\stokisapp\system\Common.php(1089): CodeIgniter\View\View->render('pages/admin/sto...', Array, true)
#2 C:\xampp\htdocs\stokisapp\app\Controllers\admin.php(43): view('pages/admin/sto...', Array)
#3 C:\xampp\htdocs\stokisapp\system\CodeIgniter.php(832): App\Controllers\admin->stok()
#4 C:\xampp\htdocs\stokisapp\system\CodeIgniter.php(419): CodeIgniter\CodeIgniter->runController(Object(App\Controllers\admin))
#5 C:\xampp\htdocs\stokisapp\system\CodeIgniter.php(326): CodeIgniter\CodeIgniter->handleRequest(NULL, Object(Config\Cache), false)
#6 C:\xampp\htdocs\stokisapp\public\index.php(37): CodeIgniter\CodeIgniter->run()
#7 C:\xampp\htdocs\stokisapp\system\Commands\Server\rewrite.php(43): require_once('C:\\xampp\\htdocs...')
#8 {main}
CRITICAL - 2022-10-23 20:26:20 --> Invalid file: pages/admin/stok.php
#0 C:\xampp\htdocs\stokisapp\system\View\View.php(198): CodeIgniter\Exceptions\FrameworkException::forInvalidFile('pages/admin/sto...')
#1 C:\xampp\htdocs\stokisapp\system\Common.php(1089): CodeIgniter\View\View->render('pages/admin/sto...', Array, true)
#2 C:\xampp\htdocs\stokisapp\app\Controllers\admin.php(43): view('pages/admin/sto...', Array)
#3 C:\xampp\htdocs\stokisapp\system\CodeIgniter.php(832): App\Controllers\admin->stok()
#4 C:\xampp\htdocs\stokisapp\system\CodeIgniter.php(419): CodeIgniter\CodeIgniter->runController(Object(App\Controllers\admin))
#5 C:\xampp\htdocs\stokisapp\system\CodeIgniter.php(326): CodeIgniter\CodeIgniter->handleRequest(NULL, Object(Config\Cache), false)
#6 C:\xampp\htdocs\stokisapp\public\index.php(37): CodeIgniter\CodeIgniter->run()
#7 C:\xampp\htdocs\stokisapp\system\Commands\Server\rewrite.php(43): require_once('C:\\xampp\\htdocs...')
#8 {main}
CRITICAL - 2022-10-23 20:27:19 --> Undefined variable $produk
#0 C:\xampp\htdocs\stokisapp\app\Views\pages\admin\stok.php(47): CodeIgniter\Debug\Exceptions->errorHandler(2, 'Undefined varia...', 'C:\\xampp\\htdocs...', 47)
#1 C:\xampp\htdocs\stokisapp\system\View\View.php(210): include('C:\\xampp\\htdocs...')
#2 C:\xampp\htdocs\stokisapp\system\View\View.php(213): CodeIgniter\View\View->CodeIgniter\View\{closure}()
#3 C:\xampp\htdocs\stokisapp\system\Common.php(1089): CodeIgniter\View\View->render('pages/admin/sto...', Array, true)
#4 C:\xampp\htdocs\stokisapp\app\Controllers\admin.php(43): view('pages/admin/sto...', Array)
#5 C:\xampp\htdocs\stokisapp\system\CodeIgniter.php(832): App\Controllers\admin->stok()
#6 C:\xampp\htdocs\stokisapp\system\CodeIgniter.php(419): CodeIgniter\CodeIgniter->runController(Object(App\Controllers\admin))
#7 C:\xampp\htdocs\stokisapp\system\CodeIgniter.php(326): CodeIgniter\CodeIgniter->handleRequest(NULL, Object(Config\Cache), false)
#8 C:\xampp\htdocs\stokisapp\public\index.php(37): CodeIgniter\CodeIgniter->run()
#9 C:\xampp\htdocs\stokisapp\system\Commands\Server\rewrite.php(43): require_once('C:\\xampp\\htdocs...')
#10 {main}
CRITICAL - 2022-10-23 20:29:55 --> Invalid file: pages/admin/pesanan.php
#0 C:\xampp\htdocs\stokisapp\system\View\View.php(198): CodeIgniter\Exceptions\FrameworkException::forInvalidFile('pages/admin/pes...')
#1 C:\xampp\htdocs\stokisapp\system\Common.php(1089): CodeIgniter\View\View->render('pages/admin/pes...', Array, true)
#2 C:\xampp\htdocs\stokisapp\app\Controllers\admin.php(53): view('pages/admin/pes...', Array)
#3 C:\xampp\htdocs\stokisapp\system\CodeIgniter.php(832): App\Controllers\admin->pesanan()
#4 C:\xampp\htdocs\stokisapp\system\CodeIgniter.php(419): CodeIgniter\CodeIgniter->runController(Object(App\Controllers\admin))
#5 C:\xampp\htdocs\stokisapp\system\CodeIgniter.php(326): CodeIgniter\CodeIgniter->handleRequest(NULL, Object(Config\Cache), false)
#6 C:\xampp\htdocs\stokisapp\public\index.php(37): CodeIgniter\CodeIgniter->run()
#7 C:\xampp\htdocs\stokisapp\system\Commands\Server\rewrite.php(43): require_once('C:\\xampp\\htdocs...')
#8 {main}
CRITICAL - 2022-10-23 22:31:03 --> Trying to access array offset on value of type null
#0 C:\xampp\htdocs\stokisapp\app\Views\pages\user\detail.php(23): CodeIgniter\Debug\Exceptions->errorHandler(2, 'Trying to acces...', 'C:\\xampp\\htdocs...', 23)
#1 C:\xampp\htdocs\stokisapp\system\View\View.php(210): include('C:\\xampp\\htdocs...')
#2 C:\xampp\htdocs\stokisapp\system\View\View.php(213): CodeIgniter\View\View->CodeIgniter\View\{closure}()
#3 C:\xampp\htdocs\stokisapp\system\Common.php(1089): CodeIgniter\View\View->render('pages/user/deta...', Array, true)
#4 C:\xampp\htdocs\stokisapp\app\Controllers\Home.php(45): view('pages/user/deta...', Array)
#5 C:\xampp\htdocs\stokisapp\system\CodeIgniter.php(832): App\Controllers\Home->detail('5')
#6 C:\xampp\htdocs\stokisapp\system\CodeIgniter.php(419): CodeIgniter\CodeIgniter->runController(Object(App\Controllers\Home))
#7 C:\xampp\htdocs\stokisapp\system\CodeIgniter.php(326): CodeIgniter\CodeIgniter->handleRequest(NULL, Object(Config\Cache), false)
#8 C:\xampp\htdocs\stokisapp\public\index.php(37): CodeIgniter\CodeIgniter->run()
#9 C:\xampp\htdocs\stokisapp\system\Commands\Server\rewrite.php(43): require_once('C:\\xampp\\htdocs...')
#10 {main}
CRITICAL - 2022-10-23 22:32:54 --> Undefined array key "id_stokis"
#0 C:\xampp\htdocs\stokisapp\app\Views\pages\user\detail.php(101): CodeIgniter\Debug\Exceptions->errorHandler(2, 'Undefined array...', 'C:\\xampp\\htdocs...', 101)
#1 C:\xampp\htdocs\stokisapp\system\View\View.php(210): include('C:\\xampp\\htdocs...')
#2 C:\xampp\htdocs\stokisapp\system\View\View.php(213): CodeIgniter\View\View->CodeIgniter\View\{closure}()
#3 C:\xampp\htdocs\stokisapp\system\Common.php(1089): CodeIgniter\View\View->render('pages/user/deta...', Array, true)
#4 C:\xampp\htdocs\stokisapp\app\Controllers\Home.php(45): view('pages/user/deta...', Array)
#5 C:\xampp\htdocs\stokisapp\system\CodeIgniter.php(832): App\Controllers\Home->detail('5')
#6 C:\xampp\htdocs\stokisapp\system\CodeIgniter.php(419): CodeIgniter\CodeIgniter->runController(Object(App\Controllers\Home))
#7 C:\xampp\htdocs\stokisapp\system\CodeIgniter.php(326): CodeIgniter\CodeIgniter->handleRequest(NULL, Object(Config\Cache), false)
#8 C:\xampp\htdocs\stokisapp\public\index.php(37): CodeIgniter\CodeIgniter->run()
#9 C:\xampp\htdocs\stokisapp\system\Commands\Server\rewrite.php(43): require_once('C:\\xampp\\htdocs...')
#10 {main}
CRITICAL - 2022-10-23 22:47:21 --> Undefined variable $i
#0 C:\xampp\htdocs\stokisapp\app\Views\pages\admin\produk.php(101): CodeIgniter\Debug\Exceptions->errorHandler(2, 'Undefined varia...', 'C:\\xampp\\htdocs...', 101)
#1 C:\xampp\htdocs\stokisapp\system\View\View.php(210): include('C:\\xampp\\htdocs...')
#2 C:\xampp\htdocs\stokisapp\system\View\View.php(213): CodeIgniter\View\View->CodeIgniter\View\{closure}()
#3 C:\xampp\htdocs\stokisapp\system\Common.php(1089): CodeIgniter\View\View->render('pages/admin/pro...', Array, true)
#4 C:\xampp\htdocs\stokisapp\app\Controllers\admin.php(85): view('pages/admin/pro...', Array)
#5 C:\xampp\htdocs\stokisapp\system\CodeIgniter.php(832): App\Controllers\admin->produk()
#6 C:\xampp\htdocs\stokisapp\system\CodeIgniter.php(419): CodeIgniter\CodeIgniter->runController(Object(App\Controllers\admin))
#7 C:\xampp\htdocs\stokisapp\system\CodeIgniter.php(326): CodeIgniter\CodeIgniter->handleRequest(NULL, Object(Config\Cache), false)
#8 C:\xampp\htdocs\stokisapp\public\index.php(37): CodeIgniter\CodeIgniter->run()
#9 C:\xampp\htdocs\stokisapp\system\Commands\Server\rewrite.php(43): require_once('C:\\xampp\\htdocs...')
#10 {main}
