CRITICAL - 2022-09-01 04:19:21 --> Trying to access array offset on value of type null
#0 C:\xampp\htdocs\stokisappv2\app\Views\pages\user\detail.php(23): CodeIgniter\Debug\Exceptions->errorHandler(2, 'Trying to acces...', 'C:\\xampp\\htdocs...', 23)
#1 C:\xampp\htdocs\stokisappv2\system\View\View.php(210): include('C:\\xampp\\htdocs...')
#2 C:\xampp\htdocs\stokisappv2\system\View\View.php(213): CodeIgniter\View\View->CodeIgniter\View\{closure}()
#3 C:\xampp\htdocs\stokisappv2\system\Common.php(1089): CodeIgniter\View\View->render('pages/user/deta...', Array, true)
#4 C:\xampp\htdocs\stokisappv2\app\Controllers\Home.php(45): view('pages/user/deta...', Array)
#5 C:\xampp\htdocs\stokisappv2\system\CodeIgniter.php(832): App\Controllers\Home->detail('43')
#6 C:\xampp\htdocs\stokisappv2\system\CodeIgniter.php(419): CodeIgniter\CodeIgniter->runController(Object(App\Controllers\Home))
#7 C:\xampp\htdocs\stokisappv2\system\CodeIgniter.php(326): CodeIgniter\CodeIgniter->handleRequest(NULL, Object(Config\Cache), false)
#8 C:\xampp\htdocs\stokisappv2\public\index.php(37): CodeIgniter\CodeIgniter->run()
#9 C:\xampp\htdocs\stokisappv2\system\Commands\Server\rewrite.php(43): require_once('C:\\xampp\\htdocs...')
#10 {main}
CRITICAL - 2022-09-01 04:27:03 --> Trying to access array offset on value of type null
#0 C:\xampp\htdocs\stokisappv2\app\Views\pages\user\detail.php(23): CodeIgniter\Debug\Exceptions->errorHandler(2, 'Trying to acces...', 'C:\\xampp\\htdocs...', 23)
#1 C:\xampp\htdocs\stokisappv2\system\View\View.php(210): include('C:\\xampp\\htdocs...')
#2 C:\xampp\htdocs\stokisappv2\system\View\View.php(213): CodeIgniter\View\View->CodeIgniter\View\{closure}()
#3 C:\xampp\htdocs\stokisappv2\system\Common.php(1089): CodeIgniter\View\View->render('pages/user/deta...', Array, true)
#4 C:\xampp\htdocs\stokisappv2\app\Controllers\Home.php(45): view('pages/user/deta...', Array)
#5 C:\xampp\htdocs\stokisappv2\system\CodeIgniter.php(832): App\Controllers\Home->detail('2')
#6 C:\xampp\htdocs\stokisappv2\system\CodeIgniter.php(419): CodeIgniter\CodeIgniter->runController(Object(App\Controllers\Home))
#7 C:\xampp\htdocs\stokisappv2\system\CodeIgniter.php(326): CodeIgniter\CodeIgniter->handleRequest(NULL, Object(Config\Cache), false)
#8 C:\xampp\htdocs\stokisappv2\public\index.php(37): CodeIgniter\CodeIgniter->run()
#9 C:\xampp\htdocs\stokisappv2\system\Commands\Server\rewrite.php(43): require_once('C:\\xampp\\htdocs...')
#10 {main}
