CRITICAL - 2022-08-28 00:03:56 --> Undefined array key "name"
#0 C:\xampp\htdocs\stokisappv2\app\Views\pages\user\detail.php(23): CodeIgniter\Debug\Exceptions->errorHandler(2, 'Undefined array...', 'C:\\xampp\\htdocs...', 23)
#1 C:\xampp\htdocs\stokisappv2\system\View\View.php(210): include('C:\\xampp\\htdocs...')
#2 C:\xampp\htdocs\stokisappv2\system\View\View.php(213): CodeIgniter\View\View->CodeIgniter\View\{closure}()
#3 C:\xampp\htdocs\stokisappv2\system\Common.php(1089): CodeIgniter\View\View->render('pages/user/deta...', Array, true)
#4 C:\xampp\htdocs\stokisappv2\app\Controllers\Home.php(33): view('pages/user/deta...', Array)
#5 C:\xampp\htdocs\stokisappv2\system\CodeIgniter.php(832): App\Controllers\Home->detail('1')
#6 C:\xampp\htdocs\stokisappv2\system\CodeIgniter.php(419): CodeIgniter\CodeIgniter->runController(Object(App\Controllers\Home))
#7 C:\xampp\htdocs\stokisappv2\system\CodeIgniter.php(326): CodeIgniter\CodeIgniter->handleRequest(NULL, Object(Config\Cache), false)
#8 C:\xampp\htdocs\stokisappv2\public\index.php(37): CodeIgniter\CodeIgniter->run()
#9 C:\xampp\htdocs\stokisappv2\system\Commands\Server\rewrite.php(43): require_once('C:\\xampp\\htdocs...')
#10 {main}
CRITICAL - 2022-08-28 00:04:15 --> Undefined array key "name"
#0 C:\xampp\htdocs\stokisappv2\app\Views\pages\user\detail.php(23): CodeIgniter\Debug\Exceptions->errorHandler(2, 'Undefined array...', 'C:\\xampp\\htdocs...', 23)
#1 C:\xampp\htdocs\stokisappv2\system\View\View.php(210): include('C:\\xampp\\htdocs...')
#2 C:\xampp\htdocs\stokisappv2\system\View\View.php(213): CodeIgniter\View\View->CodeIgniter\View\{closure}()
#3 C:\xampp\htdocs\stokisappv2\system\Common.php(1089): CodeIgniter\View\View->render('pages/user/deta...', Array, true)
#4 C:\xampp\htdocs\stokisappv2\app\Controllers\Home.php(35): view('pages/user/deta...', Array)
#5 C:\xampp\htdocs\stokisappv2\system\CodeIgniter.php(832): App\Controllers\Home->detail('1')
#6 C:\xampp\htdocs\stokisappv2\system\CodeIgniter.php(419): CodeIgniter\CodeIgniter->runController(Object(App\Controllers\Home))
#7 C:\xampp\htdocs\stokisappv2\system\CodeIgniter.php(326): CodeIgniter\CodeIgniter->handleRequest(NULL, Object(Config\Cache), false)
#8 C:\xampp\htdocs\stokisappv2\public\index.php(37): CodeIgniter\CodeIgniter->run()
#9 C:\xampp\htdocs\stokisappv2\system\Commands\Server\rewrite.php(43): require_once('C:\\xampp\\htdocs...')
#10 {main}
CRITICAL - 2022-08-28 00:07:40 --> Undefined variable $produkDetail
#0 C:\xampp\htdocs\stokisappv2\app\Views\pages\user\detail.php(40): CodeIgniter\Debug\Exceptions->errorHandler(2, 'Undefined varia...', 'C:\\xampp\\htdocs...', 40)
#1 C:\xampp\htdocs\stokisappv2\system\View\View.php(210): include('C:\\xampp\\htdocs...')
#2 C:\xampp\htdocs\stokisappv2\system\View\View.php(213): CodeIgniter\View\View->CodeIgniter\View\{closure}()
#3 C:\xampp\htdocs\stokisappv2\system\Common.php(1089): CodeIgniter\View\View->render('pages/user/deta...', Array, true)
#4 C:\xampp\htdocs\stokisappv2\app\Controllers\Home.php(35): view('pages/user/deta...', Array)
#5 C:\xampp\htdocs\stokisappv2\system\CodeIgniter.php(832): App\Controllers\Home->detail('1')
#6 C:\xampp\htdocs\stokisappv2\system\CodeIgniter.php(419): CodeIgniter\CodeIgniter->runController(Object(App\Controllers\Home))
#7 C:\xampp\htdocs\stokisappv2\system\CodeIgniter.php(326): CodeIgniter\CodeIgniter->handleRequest(NULL, Object(Config\Cache), false)
#8 C:\xampp\htdocs\stokisappv2\public\index.php(37): CodeIgniter\CodeIgniter->run()
#9 C:\xampp\htdocs\stokisappv2\system\Commands\Server\rewrite.php(43): require_once('C:\\xampp\\htdocs...')
#10 {main}
CRITICAL - 2022-08-28 00:08:12 --> Undefined variable $kategori
#0 C:\xampp\htdocs\stokisappv2\app\Views\pages\user\detail.php(46): CodeIgniter\Debug\Exceptions->errorHandler(2, 'Undefined varia...', 'C:\\xampp\\htdocs...', 46)
#1 C:\xampp\htdocs\stokisappv2\system\View\View.php(210): include('C:\\xampp\\htdocs...')
#2 C:\xampp\htdocs\stokisappv2\system\View\View.php(213): CodeIgniter\View\View->CodeIgniter\View\{closure}()
#3 C:\xampp\htdocs\stokisappv2\system\Common.php(1089): CodeIgniter\View\View->render('pages/user/deta...', Array, true)
#4 C:\xampp\htdocs\stokisappv2\app\Controllers\Home.php(35): view('pages/user/deta...', Array)
#5 C:\xampp\htdocs\stokisappv2\system\CodeIgniter.php(832): App\Controllers\Home->detail('1')
#6 C:\xampp\htdocs\stokisappv2\system\CodeIgniter.php(419): CodeIgniter\CodeIgniter->runController(Object(App\Controllers\Home))
#7 C:\xampp\htdocs\stokisappv2\system\CodeIgniter.php(326): CodeIgniter\CodeIgniter->handleRequest(NULL, Object(Config\Cache), false)
#8 C:\xampp\htdocs\stokisappv2\public\index.php(37): CodeIgniter\CodeIgniter->run()
#9 C:\xampp\htdocs\stokisappv2\system\Commands\Server\rewrite.php(43): require_once('C:\\xampp\\htdocs...')
#10 {main}
CRITICAL - 2022-08-28 00:30:35 --> Undefined array key "stok"
#0 C:\xampp\htdocs\stokisappv2\app\Views\pages\user\detail.php(142): CodeIgniter\Debug\Exceptions->errorHandler(2, 'Undefined array...', 'C:\\xampp\\htdocs...', 142)
#1 C:\xampp\htdocs\stokisappv2\system\View\View.php(210): include('C:\\xampp\\htdocs...')
#2 C:\xampp\htdocs\stokisappv2\system\View\View.php(213): CodeIgniter\View\View->CodeIgniter\View\{closure}()
#3 C:\xampp\htdocs\stokisappv2\system\Common.php(1089): CodeIgniter\View\View->render('pages/user/deta...', Array, true)
#4 C:\xampp\htdocs\stokisappv2\app\Controllers\Home.php(35): view('pages/user/deta...', Array)
#5 C:\xampp\htdocs\stokisappv2\system\CodeIgniter.php(832): App\Controllers\Home->detail('1')
#6 C:\xampp\htdocs\stokisappv2\system\CodeIgniter.php(419): CodeIgniter\CodeIgniter->runController(Object(App\Controllers\Home))
#7 C:\xampp\htdocs\stokisappv2\system\CodeIgniter.php(326): CodeIgniter\CodeIgniter->handleRequest(NULL, Object(Config\Cache), false)
#8 C:\xampp\htdocs\stokisappv2\public\index.php(37): CodeIgniter\CodeIgniter->run()
#9 C:\xampp\htdocs\stokisappv2\system\Commands\Server\rewrite.php(43): require_once('C:\\xampp\\htdocs...')
#10 {main}
CRITICAL - 2022-08-28 02:27:20 --> Undefined array key "stok"
#0 C:\xampp\htdocs\stokisappv2\app\Views\pages\user\detail.php(142): CodeIgniter\Debug\Exceptions->errorHandler(2, 'Undefined array...', 'C:\\xampp\\htdocs...', 142)
#1 C:\xampp\htdocs\stokisappv2\system\View\View.php(210): include('C:\\xampp\\htdocs...')
#2 C:\xampp\htdocs\stokisappv2\system\View\View.php(213): CodeIgniter\View\View->CodeIgniter\View\{closure}()
#3 C:\xampp\htdocs\stokisappv2\system\Common.php(1089): CodeIgniter\View\View->render('pages/user/deta...', Array, true)
#4 C:\xampp\htdocs\stokisappv2\app\Controllers\Home.php(35): view('pages/user/deta...', Array)
#5 C:\xampp\htdocs\stokisappv2\system\CodeIgniter.php(832): App\Controllers\Home->detail('33')
#6 C:\xampp\htdocs\stokisappv2\system\CodeIgniter.php(419): CodeIgniter\CodeIgniter->runController(Object(App\Controllers\Home))
#7 C:\xampp\htdocs\stokisappv2\system\CodeIgniter.php(326): CodeIgniter\CodeIgniter->handleRequest(NULL, Object(Config\Cache), false)
#8 C:\xampp\htdocs\stokisappv2\public\index.php(37): CodeIgniter\CodeIgniter->run()
#9 C:\xampp\htdocs\stokisappv2\system\Commands\Server\rewrite.php(43): require_once('C:\\xampp\\htdocs...')
#10 {main}
CRITICAL - 2022-08-28 02:27:55 --> syntax error, unexpected token ";"
#0 C:\xampp\htdocs\stokisappv2\system\View\View.php(213): CodeIgniter\View\View->CodeIgniter\View\{closure}()
#1 C:\xampp\htdocs\stokisappv2\system\Common.php(1089): CodeIgniter\View\View->render('pages/user/deta...', Array, true)
#2 C:\xampp\htdocs\stokisappv2\app\Controllers\Home.php(35): view('pages/user/deta...', Array)
#3 C:\xampp\htdocs\stokisappv2\system\CodeIgniter.php(832): App\Controllers\Home->detail('33')
#4 C:\xampp\htdocs\stokisappv2\system\CodeIgniter.php(419): CodeIgniter\CodeIgniter->runController(Object(App\Controllers\Home))
#5 C:\xampp\htdocs\stokisappv2\system\CodeIgniter.php(326): CodeIgniter\CodeIgniter->handleRequest(NULL, Object(Config\Cache), false)
#6 C:\xampp\htdocs\stokisappv2\public\index.php(37): CodeIgniter\CodeIgniter->run()
#7 C:\xampp\htdocs\stokisappv2\system\Commands\Server\rewrite.php(43): require_once('C:\\xampp\\htdocs...')
#8 {main}
CRITICAL - 2022-08-28 02:28:12 --> Undefined array key "stok"
#0 C:\xampp\htdocs\stokisappv2\app\Views\pages\user\detail.php(142): CodeIgniter\Debug\Exceptions->errorHandler(2, 'Undefined array...', 'C:\\xampp\\htdocs...', 142)
#1 C:\xampp\htdocs\stokisappv2\system\View\View.php(210): include('C:\\xampp\\htdocs...')
#2 C:\xampp\htdocs\stokisappv2\system\View\View.php(213): CodeIgniter\View\View->CodeIgniter\View\{closure}()
#3 C:\xampp\htdocs\stokisappv2\system\Common.php(1089): CodeIgniter\View\View->render('pages/user/deta...', Array, true)
#4 C:\xampp\htdocs\stokisappv2\app\Controllers\Home.php(35): view('pages/user/deta...', Array)
#5 C:\xampp\htdocs\stokisappv2\system\CodeIgniter.php(832): App\Controllers\Home->detail('33')
#6 C:\xampp\htdocs\stokisappv2\system\CodeIgniter.php(419): CodeIgniter\CodeIgniter->runController(Object(App\Controllers\Home))
#7 C:\xampp\htdocs\stokisappv2\system\CodeIgniter.php(326): CodeIgniter\CodeIgniter->handleRequest(NULL, Object(Config\Cache), false)
#8 C:\xampp\htdocs\stokisappv2\public\index.php(37): CodeIgniter\CodeIgniter->run()
#9 C:\xampp\htdocs\stokisappv2\system\Commands\Server\rewrite.php(43): require_once('C:\\xampp\\htdocs...')
#10 {main}
CRITICAL - 2022-08-28 02:57:17 --> Cannot access offset of type string on string
#0 C:\xampp\htdocs\stokisappv2\system\View\View.php(210): include()
#1 C:\xampp\htdocs\stokisappv2\system\View\View.php(213): CodeIgniter\View\View->CodeIgniter\View\{closure}()
#2 C:\xampp\htdocs\stokisappv2\system\Common.php(1089): CodeIgniter\View\View->render('pages/user/deta...', Array, true)
#3 C:\xampp\htdocs\stokisappv2\app\Controllers\Home.php(35): view('pages/user/deta...', Array)
#4 C:\xampp\htdocs\stokisappv2\system\CodeIgniter.php(832): App\Controllers\Home->detail('33')
#5 C:\xampp\htdocs\stokisappv2\system\CodeIgniter.php(419): CodeIgniter\CodeIgniter->runController(Object(App\Controllers\Home))
#6 C:\xampp\htdocs\stokisappv2\system\CodeIgniter.php(326): CodeIgniter\CodeIgniter->handleRequest(NULL, Object(Config\Cache), false)
#7 C:\xampp\htdocs\stokisappv2\public\index.php(37): CodeIgniter\CodeIgniter->run()
#8 C:\xampp\htdocs\stokisappv2\system\Commands\Server\rewrite.php(43): require_once('C:\\xampp\\htdocs...')
#9 {main}
CRITICAL - 2022-08-28 02:57:56 --> Cannot access offset of type string on string
#0 C:\xampp\htdocs\stokisappv2\system\View\View.php(210): include()
#1 C:\xampp\htdocs\stokisappv2\system\View\View.php(213): CodeIgniter\View\View->CodeIgniter\View\{closure}()
#2 C:\xampp\htdocs\stokisappv2\system\Common.php(1089): CodeIgniter\View\View->render('pages/user/deta...', Array, true)
#3 C:\xampp\htdocs\stokisappv2\app\Controllers\Home.php(36): view('pages/user/deta...', Array)
#4 C:\xampp\htdocs\stokisappv2\system\CodeIgniter.php(832): App\Controllers\Home->detail('33')
#5 C:\xampp\htdocs\stokisappv2\system\CodeIgniter.php(419): CodeIgniter\CodeIgniter->runController(Object(App\Controllers\Home))
#6 C:\xampp\htdocs\stokisappv2\system\CodeIgniter.php(326): CodeIgniter\CodeIgniter->handleRequest(NULL, Object(Config\Cache), false)
#7 C:\xampp\htdocs\stokisappv2\public\index.php(37): CodeIgniter\CodeIgniter->run()
#8 C:\xampp\htdocs\stokisappv2\system\Commands\Server\rewrite.php(43): require_once('C:\\xampp\\htdocs...')
#9 {main}
CRITICAL - 2022-08-28 02:58:25 --> Cannot access offset of type string on string
#0 C:\xampp\htdocs\stokisappv2\system\View\View.php(210): include()
#1 C:\xampp\htdocs\stokisappv2\system\View\View.php(213): CodeIgniter\View\View->CodeIgniter\View\{closure}()
#2 C:\xampp\htdocs\stokisappv2\system\Common.php(1089): CodeIgniter\View\View->render('pages/user/deta...', Array, true)
#3 C:\xampp\htdocs\stokisappv2\app\Controllers\Home.php(36): view('pages/user/deta...', Array)
#4 C:\xampp\htdocs\stokisappv2\system\CodeIgniter.php(832): App\Controllers\Home->detail('33')
#5 C:\xampp\htdocs\stokisappv2\system\CodeIgniter.php(419): CodeIgniter\CodeIgniter->runController(Object(App\Controllers\Home))
#6 C:\xampp\htdocs\stokisappv2\system\CodeIgniter.php(326): CodeIgniter\CodeIgniter->handleRequest(NULL, Object(Config\Cache), false)
#7 C:\xampp\htdocs\stokisappv2\public\index.php(37): CodeIgniter\CodeIgniter->run()
#8 C:\xampp\htdocs\stokisappv2\system\Commands\Server\rewrite.php(43): require_once('C:\\xampp\\htdocs...')
#9 {main}
CRITICAL - 2022-08-28 02:58:46 --> Cannot access offset of type string on string
#0 C:\xampp\htdocs\stokisappv2\system\View\View.php(210): include()
#1 C:\xampp\htdocs\stokisappv2\system\View\View.php(213): CodeIgniter\View\View->CodeIgniter\View\{closure}()
#2 C:\xampp\htdocs\stokisappv2\system\Common.php(1089): CodeIgniter\View\View->render('pages/user/deta...', Array, true)
#3 C:\xampp\htdocs\stokisappv2\app\Controllers\Home.php(36): view('pages/user/deta...', Array)
#4 C:\xampp\htdocs\stokisappv2\system\CodeIgniter.php(832): App\Controllers\Home->detail('33')
#5 C:\xampp\htdocs\stokisappv2\system\CodeIgniter.php(419): CodeIgniter\CodeIgniter->runController(Object(App\Controllers\Home))
#6 C:\xampp\htdocs\stokisappv2\system\CodeIgniter.php(326): CodeIgniter\CodeIgniter->handleRequest(NULL, Object(Config\Cache), false)
#7 C:\xampp\htdocs\stokisappv2\public\index.php(37): CodeIgniter\CodeIgniter->run()
#8 C:\xampp\htdocs\stokisappv2\system\Commands\Server\rewrite.php(43): require_once('C:\\xampp\\htdocs...')
#9 {main}
CRITICAL - 2022-08-28 03:03:15 --> Undefined variable $rekomendasi
#0 C:\xampp\htdocs\stokisappv2\app\Views\index.php(120): CodeIgniter\Debug\Exceptions->errorHandler(2, 'Undefined varia...', 'C:\\xampp\\htdocs...', 120)
#1 C:\xampp\htdocs\stokisappv2\system\View\View.php(210): include('C:\\xampp\\htdocs...')
#2 C:\xampp\htdocs\stokisappv2\system\View\View.php(213): CodeIgniter\View\View->CodeIgniter\View\{closure}()
#3 C:\xampp\htdocs\stokisappv2\system\Common.php(1089): CodeIgniter\View\View->render('index', Array, true)
#4 C:\xampp\htdocs\stokisappv2\app\Controllers\Home.php(23): view('index', Array)
#5 C:\xampp\htdocs\stokisappv2\system\CodeIgniter.php(832): App\Controllers\Home->index()
#6 C:\xampp\htdocs\stokisappv2\system\CodeIgniter.php(419): CodeIgniter\CodeIgniter->runController(Object(App\Controllers\Home))
#7 C:\xampp\htdocs\stokisappv2\system\CodeIgniter.php(326): CodeIgniter\CodeIgniter->handleRequest(NULL, Object(Config\Cache), false)
#8 C:\xampp\htdocs\stokisappv2\public\index.php(37): CodeIgniter\CodeIgniter->run()
#9 C:\xampp\htdocs\stokisappv2\system\Commands\Server\rewrite.php(43): require_once('C:\\xampp\\htdocs...')
#10 {main}
CRITICAL - 2022-08-28 03:03:26 --> Undefined variable $rekomendasi
#0 C:\xampp\htdocs\stokisappv2\app\Views\index.php(120): CodeIgniter\Debug\Exceptions->errorHandler(2, 'Undefined varia...', 'C:\\xampp\\htdocs...', 120)
#1 C:\xampp\htdocs\stokisappv2\system\View\View.php(210): include('C:\\xampp\\htdocs...')
#2 C:\xampp\htdocs\stokisappv2\system\View\View.php(213): CodeIgniter\View\View->CodeIgniter\View\{closure}()
#3 C:\xampp\htdocs\stokisappv2\system\Common.php(1089): CodeIgniter\View\View->render('index', Array, true)
#4 C:\xampp\htdocs\stokisappv2\app\Controllers\Home.php(23): view('index', Array)
#5 C:\xampp\htdocs\stokisappv2\system\CodeIgniter.php(832): App\Controllers\Home->index()
#6 C:\xampp\htdocs\stokisappv2\system\CodeIgniter.php(419): CodeIgniter\CodeIgniter->runController(Object(App\Controllers\Home))
#7 C:\xampp\htdocs\stokisappv2\system\CodeIgniter.php(326): CodeIgniter\CodeIgniter->handleRequest(NULL, Object(Config\Cache), false)
#8 C:\xampp\htdocs\stokisappv2\public\index.php(37): CodeIgniter\CodeIgniter->run()
#9 C:\xampp\htdocs\stokisappv2\system\Commands\Server\rewrite.php(43): require_once('C:\\xampp\\htdocs...')
#10 {main}
CRITICAL - 2022-08-28 06:47:43 --> Invalid file: admin/kasir/index.php
#0 C:\xampp\htdocs\stokisappv2\system\View\View.php(198): CodeIgniter\Exceptions\FrameworkException::forInvalidFile('admin/kasir/ind...')
#1 C:\xampp\htdocs\stokisappv2\system\Common.php(1089): CodeIgniter\View\View->render('admin/kasir/ind...', Array, true)
#2 C:\xampp\htdocs\stokisappv2\app\Controllers\kasir.php(9): view('admin/kasir/ind...')
#3 C:\xampp\htdocs\stokisappv2\system\CodeIgniter.php(832): App\Controllers\kasir->index()
#4 C:\xampp\htdocs\stokisappv2\system\CodeIgniter.php(419): CodeIgniter\CodeIgniter->runController(Object(App\Controllers\kasir))
#5 C:\xampp\htdocs\stokisappv2\system\CodeIgniter.php(326): CodeIgniter\CodeIgniter->handleRequest(NULL, Object(Config\Cache), false)
#6 C:\xampp\htdocs\stokisappv2\public\index.php(37): CodeIgniter\CodeIgniter->run()
#7 C:\xampp\htdocs\stokisappv2\system\Commands\Server\rewrite.php(43): require_once('C:\\xampp\\htdocs...')
#8 {main}
CRITICAL - 2022-08-28 07:06:45 --> Invalid file: pages/user/keranjang.php
#0 C:\xampp\htdocs\stokisappv2\system\View\View.php(198): CodeIgniter\Exceptions\FrameworkException::forInvalidFile('pages/user/kera...')
#1 C:\xampp\htdocs\stokisappv2\system\Common.php(1089): CodeIgniter\View\View->render('pages/user/kera...', Array, true)
#2 C:\xampp\htdocs\stokisappv2\app\Controllers\Home.php(43): view('pages/user/kera...', Array)
#3 C:\xampp\htdocs\stokisappv2\system\CodeIgniter.php(832): App\Controllers\Home->keranjang()
#4 C:\xampp\htdocs\stokisappv2\system\CodeIgniter.php(419): CodeIgniter\CodeIgniter->runController(Object(App\Controllers\Home))
#5 C:\xampp\htdocs\stokisappv2\system\CodeIgniter.php(326): CodeIgniter\CodeIgniter->handleRequest(NULL, Object(Config\Cache), false)
#6 C:\xampp\htdocs\stokisappv2\public\index.php(37): CodeIgniter\CodeIgniter->run()
#7 C:\xampp\htdocs\stokisappv2\system\Commands\Server\rewrite.php(43): require_once('C:\\xampp\\htdocs...')
#8 {main}
CRITICAL - 2022-08-28 21:53:34 --> syntax error, unexpected token "=", expecting "]"
#0 C:\xampp\htdocs\stokisappv2\system\Router\Router.php(175): CodeIgniter\Router\Router->autoRoute('kasir')
#1 C:\xampp\htdocs\stokisappv2\system\CodeIgniter.php(726): CodeIgniter\Router\Router->handle('kasir')
#2 C:\xampp\htdocs\stokisappv2\system\CodeIgniter.php(368): CodeIgniter\CodeIgniter->tryToRouteIt(Object(CodeIgniter\Router\RouteCollection))
#3 C:\xampp\htdocs\stokisappv2\system\CodeIgniter.php(326): CodeIgniter\CodeIgniter->handleRequest(NULL, Object(Config\Cache), false)
#4 C:\xampp\htdocs\stokisappv2\public\index.php(37): CodeIgniter\CodeIgniter->run()
#5 C:\xampp\htdocs\stokisappv2\system\Commands\Server\rewrite.php(43): require_once('C:\\xampp\\htdocs...')
#6 {main}
CRITICAL - 2022-08-28 22:55:32 --> Call to undefined function user()
#0 C:\xampp\htdocs\stokisappv2\system\View\View.php(210): include()
#1 C:\xampp\htdocs\stokisappv2\system\View\View.php(213): CodeIgniter\View\View->CodeIgniter\View\{closure}()
#2 C:\xampp\htdocs\stokisappv2\system\Common.php(1089): CodeIgniter\View\View->render('pages/user/prof...', Array, true)
#3 C:\xampp\htdocs\stokisappv2\app\Controllers\Home.php(61): view('pages/user/prof...', Array)
#4 C:\xampp\htdocs\stokisappv2\system\CodeIgniter.php(832): App\Controllers\Home->user()
#5 C:\xampp\htdocs\stokisappv2\system\CodeIgniter.php(419): CodeIgniter\CodeIgniter->runController(Object(App\Controllers\Home))
#6 C:\xampp\htdocs\stokisappv2\system\CodeIgniter.php(326): CodeIgniter\CodeIgniter->handleRequest(NULL, Object(Config\Cache), false)
#7 C:\xampp\htdocs\stokisappv2\public\index.php(37): CodeIgniter\CodeIgniter->run()
#8 C:\xampp\htdocs\stokisappv2\system\Commands\Server\rewrite.php(43): require_once('C:\\xampp\\htdocs...')
#9 {main}
