CRITICAL - 2022-08-27 05:35:46 --> Call to undefined method CodeIgniter\View\View::extends()
#0 C:\xampp\htdocs\stokisappv2\system\View\View.php(210): include()
#1 C:\xampp\htdocs\stokisappv2\system\View\View.php(213): CodeIgniter\View\View->CodeIgniter\View\{closure}()
#2 C:\xampp\htdocs\stokisappv2\system\Common.php(1089): CodeIgniter\View\View->render('index', Array, true)
#3 C:\xampp\htdocs\stokisappv2\app\Controllers\Home.php(9): view('index')
#4 C:\xampp\htdocs\stokisappv2\system\CodeIgniter.php(832): App\Controllers\Home->index()
#5 C:\xampp\htdocs\stokisappv2\system\CodeIgniter.php(419): CodeIgniter\CodeIgniter->runController(Object(App\Controllers\Home))
#6 C:\xampp\htdocs\stokisappv2\system\CodeIgniter.php(326): CodeIgniter\CodeIgniter->handleRequest(NULL, Object(Config\Cache), false)
#7 C:\xampp\htdocs\stokisappv2\public\index.php(37): CodeIgniter\CodeIgniter->run()
#8 C:\xampp\htdocs\stokisappv2\system\Commands\Server\rewrite.php(43): require_once('C:\\xampp\\htdocs...')
#9 {main}
CRITICAL - 2022-08-27 05:35:53 --> Call to undefined method CodeIgniter\View\View::extends()
#0 C:\xampp\htdocs\stokisappv2\system\View\View.php(210): include()
#1 C:\xampp\htdocs\stokisappv2\system\View\View.php(213): CodeIgniter\View\View->CodeIgniter\View\{closure}()
#2 C:\xampp\htdocs\stokisappv2\system\Common.php(1089): CodeIgniter\View\View->render('index', Array, true)
#3 C:\xampp\htdocs\stokisappv2\app\Controllers\Home.php(9): view('index')
#4 C:\xampp\htdocs\stokisappv2\system\CodeIgniter.php(832): App\Controllers\Home->index()
#5 C:\xampp\htdocs\stokisappv2\system\CodeIgniter.php(419): CodeIgniter\CodeIgniter->runController(Object(App\Controllers\Home))
#6 C:\xampp\htdocs\stokisappv2\system\CodeIgniter.php(326): CodeIgniter\CodeIgniter->handleRequest(NULL, Object(Config\Cache), false)
#7 C:\xampp\htdocs\stokisappv2\public\index.php(37): CodeIgniter\CodeIgniter->run()
#8 C:\xampp\htdocs\stokisappv2\system\Commands\Server\rewrite.php(43): require_once('C:\\xampp\\htdocs...')
#9 {main}
CRITICAL - 2022-08-27 05:36:10 --> Call to undefined method CodeIgniter\View\View::extends()
#0 C:\xampp\htdocs\stokisappv2\system\View\View.php(210): include()
#1 C:\xampp\htdocs\stokisappv2\system\View\View.php(213): CodeIgniter\View\View->CodeIgniter\View\{closure}()
#2 C:\xampp\htdocs\stokisappv2\system\Common.php(1089): CodeIgniter\View\View->render('index', Array, true)
#3 C:\xampp\htdocs\stokisappv2\app\Controllers\Home.php(9): view('index')
#4 C:\xampp\htdocs\stokisappv2\system\CodeIgniter.php(832): App\Controllers\Home->index()
#5 C:\xampp\htdocs\stokisappv2\system\CodeIgniter.php(419): CodeIgniter\CodeIgniter->runController(Object(App\Controllers\Home))
#6 C:\xampp\htdocs\stokisappv2\system\CodeIgniter.php(326): CodeIgniter\CodeIgniter->handleRequest(NULL, Object(Config\Cache), false)
#7 C:\xampp\htdocs\stokisappv2\public\index.php(37): CodeIgniter\CodeIgniter->run()
#8 C:\xampp\htdocs\stokisappv2\system\Commands\Server\rewrite.php(43): require_once('C:\\xampp\\htdocs...')
#9 {main}
CRITICAL - 2022-08-27 05:36:47 --> Call to undefined method CodeIgniter\View\View::extends()
#0 C:\xampp\htdocs\stokisappv2\system\View\View.php(210): include()
#1 C:\xampp\htdocs\stokisappv2\system\View\View.php(213): CodeIgniter\View\View->CodeIgniter\View\{closure}()
#2 C:\xampp\htdocs\stokisappv2\system\Common.php(1089): CodeIgniter\View\View->render('index', Array, true)
#3 C:\xampp\htdocs\stokisappv2\app\Controllers\Home.php(9): view('index')
#4 C:\xampp\htdocs\stokisappv2\system\CodeIgniter.php(832): App\Controllers\Home->index()
#5 C:\xampp\htdocs\stokisappv2\system\CodeIgniter.php(419): CodeIgniter\CodeIgniter->runController(Object(App\Controllers\Home))
#6 C:\xampp\htdocs\stokisappv2\system\CodeIgniter.php(326): CodeIgniter\CodeIgniter->handleRequest(NULL, Object(Config\Cache), false)
#7 C:\xampp\htdocs\stokisappv2\public\index.php(37): CodeIgniter\CodeIgniter->run()
#8 C:\xampp\htdocs\stokisappv2\system\Commands\Server\rewrite.php(43): require_once('C:\\xampp\\htdocs...')
#9 {main}
CRITICAL - 2022-08-27 20:36:37 --> Invalid file: layout/template.php
#0 C:\xampp\htdocs\stokisappv2\system\View\View.php(198): CodeIgniter\Exceptions\FrameworkException::forInvalidFile('layout/template...')
#1 C:\xampp\htdocs\stokisappv2\system\View\View.php(226): CodeIgniter\View\View->render('layout/template', Array, true)
#2 C:\xampp\htdocs\stokisappv2\system\Common.php(1089): CodeIgniter\View\View->render('index', Array, true)
#3 C:\xampp\htdocs\stokisappv2\app\Controllers\Home.php(13): view('index', Array)
#4 C:\xampp\htdocs\stokisappv2\system\CodeIgniter.php(832): App\Controllers\Home->index()
#5 C:\xampp\htdocs\stokisappv2\system\CodeIgniter.php(419): CodeIgniter\CodeIgniter->runController(Object(App\Controllers\Home))
#6 C:\xampp\htdocs\stokisappv2\system\CodeIgniter.php(326): CodeIgniter\CodeIgniter->handleRequest(NULL, Object(Config\Cache), false)
#7 C:\xampp\htdocs\stokisappv2\public\index.php(37): CodeIgniter\CodeIgniter->run()
#8 C:\xampp\htdocs\stokisappv2\system\Commands\Server\rewrite.php(43): require_once('C:\\xampp\\htdocs...')
#9 {main}
CRITICAL - 2022-08-27 21:21:33 --> syntax error, unexpected token "return"
#0 C:\xampp\htdocs\stokisappv2\system\Router\Router.php(175): CodeIgniter\Router\Router->autoRoute('home/detail')
#1 C:\xampp\htdocs\stokisappv2\system\CodeIgniter.php(726): CodeIgniter\Router\Router->handle('home/detail')
#2 C:\xampp\htdocs\stokisappv2\system\CodeIgniter.php(368): CodeIgniter\CodeIgniter->tryToRouteIt(Object(CodeIgniter\Router\RouteCollection))
#3 C:\xampp\htdocs\stokisappv2\system\CodeIgniter.php(326): CodeIgniter\CodeIgniter->handleRequest(NULL, Object(Config\Cache), false)
#4 C:\xampp\htdocs\stokisappv2\public\index.php(37): CodeIgniter\CodeIgniter->run()
#5 C:\xampp\htdocs\stokisappv2\system\Commands\Server\rewrite.php(43): require_once('C:\\xampp\\htdocs...')
#6 {main}
CRITICAL - 2022-08-27 21:21:44 --> syntax error, unexpected token "}", expecting ";"
#0 C:\xampp\htdocs\stokisappv2\system\Router\Router.php(175): CodeIgniter\Router\Router->autoRoute('home/detail')
#1 C:\xampp\htdocs\stokisappv2\system\CodeIgniter.php(726): CodeIgniter\Router\Router->handle('home/detail')
#2 C:\xampp\htdocs\stokisappv2\system\CodeIgniter.php(368): CodeIgniter\CodeIgniter->tryToRouteIt(Object(CodeIgniter\Router\RouteCollection))
#3 C:\xampp\htdocs\stokisappv2\system\CodeIgniter.php(326): CodeIgniter\CodeIgniter->handleRequest(NULL, Object(Config\Cache), false)
#4 C:\xampp\htdocs\stokisappv2\public\index.php(37): CodeIgniter\CodeIgniter->run()
#5 C:\xampp\htdocs\stokisappv2\system\Commands\Server\rewrite.php(43): require_once('C:\\xampp\\htdocs...')
#6 {main}
CRITICAL - 2022-08-27 21:21:45 --> syntax error, unexpected token "}", expecting ";"
#0 C:\xampp\htdocs\stokisappv2\system\Router\Router.php(175): CodeIgniter\Router\Router->autoRoute('home/detail')
#1 C:\xampp\htdocs\stokisappv2\system\CodeIgniter.php(726): CodeIgniter\Router\Router->handle('home/detail')
#2 C:\xampp\htdocs\stokisappv2\system\CodeIgniter.php(368): CodeIgniter\CodeIgniter->tryToRouteIt(Object(CodeIgniter\Router\RouteCollection))
#3 C:\xampp\htdocs\stokisappv2\system\CodeIgniter.php(326): CodeIgniter\CodeIgniter->handleRequest(NULL, Object(Config\Cache), false)
#4 C:\xampp\htdocs\stokisappv2\public\index.php(37): CodeIgniter\CodeIgniter->run()
#5 C:\xampp\htdocs\stokisappv2\system\Commands\Server\rewrite.php(43): require_once('C:\\xampp\\htdocs...')
#6 {main}
CRITICAL - 2022-08-27 21:21:55 --> Invalid file: ../layout/template/user.php
#0 C:\xampp\htdocs\stokisappv2\system\View\View.php(198): CodeIgniter\Exceptions\FrameworkException::forInvalidFile('../layout/templ...')
#1 C:\xampp\htdocs\stokisappv2\system\View\View.php(226): CodeIgniter\View\View->render('../layout/templ...', Array, true)
#2 C:\xampp\htdocs\stokisappv2\system\Common.php(1089): CodeIgniter\View\View->render('pages/user/deta...', Array, true)
#3 C:\xampp\htdocs\stokisappv2\app\Controllers\Home.php(22): view('pages/user/deta...', Array)
#4 C:\xampp\htdocs\stokisappv2\system\CodeIgniter.php(832): App\Controllers\Home->detail()
#5 C:\xampp\htdocs\stokisappv2\system\CodeIgniter.php(419): CodeIgniter\CodeIgniter->runController(Object(App\Controllers\Home))
#6 C:\xampp\htdocs\stokisappv2\system\CodeIgniter.php(326): CodeIgniter\CodeIgniter->handleRequest(NULL, Object(Config\Cache), false)
#7 C:\xampp\htdocs\stokisappv2\public\index.php(37): CodeIgniter\CodeIgniter->run()
#8 C:\xampp\htdocs\stokisappv2\system\Commands\Server\rewrite.php(43): require_once('C:\\xampp\\htdocs...')
#9 {main}
CRITICAL - 2022-08-27 21:22:33 --> Invalid file: ../../layout/template/user.php
#0 C:\xampp\htdocs\stokisappv2\system\View\View.php(198): CodeIgniter\Exceptions\FrameworkException::forInvalidFile('../../layout/te...')
#1 C:\xampp\htdocs\stokisappv2\system\View\View.php(226): CodeIgniter\View\View->render('../../layout/te...', Array, true)
#2 C:\xampp\htdocs\stokisappv2\system\Common.php(1089): CodeIgniter\View\View->render('pages/user/deta...', Array, true)
#3 C:\xampp\htdocs\stokisappv2\app\Controllers\Home.php(22): view('pages/user/deta...', Array)
#4 C:\xampp\htdocs\stokisappv2\system\CodeIgniter.php(832): App\Controllers\Home->detail()
#5 C:\xampp\htdocs\stokisappv2\system\CodeIgniter.php(419): CodeIgniter\CodeIgniter->runController(Object(App\Controllers\Home))
#6 C:\xampp\htdocs\stokisappv2\system\CodeIgniter.php(326): CodeIgniter\CodeIgniter->handleRequest(NULL, Object(Config\Cache), false)
#7 C:\xampp\htdocs\stokisappv2\public\index.php(37): CodeIgniter\CodeIgniter->run()
#8 C:\xampp\htdocs\stokisappv2\system\Commands\Server\rewrite.php(43): require_once('C:\\xampp\\htdocs...')
#9 {main}
CRITICAL - 2022-08-27 21:22:53 --> Invalid file: ../layout/template/user.php
#0 C:\xampp\htdocs\stokisappv2\system\View\View.php(198): CodeIgniter\Exceptions\FrameworkException::forInvalidFile('../layout/templ...')
#1 C:\xampp\htdocs\stokisappv2\system\View\View.php(226): CodeIgniter\View\View->render('../layout/templ...', Array, true)
#2 C:\xampp\htdocs\stokisappv2\system\Common.php(1089): CodeIgniter\View\View->render('pages/user/deta...', Array, true)
#3 C:\xampp\htdocs\stokisappv2\app\Controllers\Home.php(22): view('pages/user/deta...', Array)
#4 C:\xampp\htdocs\stokisappv2\system\CodeIgniter.php(832): App\Controllers\Home->detail()
#5 C:\xampp\htdocs\stokisappv2\system\CodeIgniter.php(419): CodeIgniter\CodeIgniter->runController(Object(App\Controllers\Home))
#6 C:\xampp\htdocs\stokisappv2\system\CodeIgniter.php(326): CodeIgniter\CodeIgniter->handleRequest(NULL, Object(Config\Cache), false)
#7 C:\xampp\htdocs\stokisappv2\public\index.php(37): CodeIgniter\CodeIgniter->run()
#8 C:\xampp\htdocs\stokisappv2\system\Commands\Server\rewrite.php(43): require_once('C:\\xampp\\htdocs...')
#9 {main}
CRITICAL - 2022-08-27 21:31:43 --> Undefined variable $gambar
#0 C:\xampp\htdocs\stokisappv2\app\Views\index.php(47): CodeIgniter\Debug\Exceptions->errorHandler(2, 'Undefined varia...', 'C:\\xampp\\htdocs...', 47)
#1 C:\xampp\htdocs\stokisappv2\system\View\View.php(210): include('C:\\xampp\\htdocs...')
#2 C:\xampp\htdocs\stokisappv2\system\View\View.php(213): CodeIgniter\View\View->CodeIgniter\View\{closure}()
#3 C:\xampp\htdocs\stokisappv2\system\Common.php(1089): CodeIgniter\View\View->render('index', Array, true)
#4 C:\xampp\htdocs\stokisappv2\app\Controllers\Home.php(13): view('index', Array)
#5 C:\xampp\htdocs\stokisappv2\system\CodeIgniter.php(832): App\Controllers\Home->index()
#6 C:\xampp\htdocs\stokisappv2\system\CodeIgniter.php(419): CodeIgniter\CodeIgniter->runController(Object(App\Controllers\Home))
#7 C:\xampp\htdocs\stokisappv2\system\CodeIgniter.php(326): CodeIgniter\CodeIgniter->handleRequest(NULL, Object(Config\Cache), false)
#8 C:\xampp\htdocs\stokisappv2\public\index.php(37): CodeIgniter\CodeIgniter->run()
#9 C:\xampp\htdocs\stokisappv2\system\Commands\Server\rewrite.php(43): require_once('C:\\xampp\\htdocs...')
#10 {main}
CRITICAL - 2022-08-27 21:36:07 --> Undefined variable $Promo
#0 C:\xampp\htdocs\stokisappv2\app\Views\index.php(82): CodeIgniter\Debug\Exceptions->errorHandler(2, 'Undefined varia...', 'C:\\xampp\\htdocs...', 82)
#1 C:\xampp\htdocs\stokisappv2\system\View\View.php(210): include('C:\\xampp\\htdocs...')
#2 C:\xampp\htdocs\stokisappv2\system\View\View.php(213): CodeIgniter\View\View->CodeIgniter\View\{closure}()
#3 C:\xampp\htdocs\stokisappv2\system\Common.php(1089): CodeIgniter\View\View->render('index', Array, true)
#4 C:\xampp\htdocs\stokisappv2\app\Controllers\Home.php(13): view('index', Array)
#5 C:\xampp\htdocs\stokisappv2\system\CodeIgniter.php(832): App\Controllers\Home->index()
#6 C:\xampp\htdocs\stokisappv2\system\CodeIgniter.php(419): CodeIgniter\CodeIgniter->runController(Object(App\Controllers\Home))
#7 C:\xampp\htdocs\stokisappv2\system\CodeIgniter.php(326): CodeIgniter\CodeIgniter->handleRequest(NULL, Object(Config\Cache), false)
#8 C:\xampp\htdocs\stokisappv2\public\index.php(37): CodeIgniter\CodeIgniter->run()
#9 C:\xampp\htdocs\stokisappv2\system\Commands\Server\rewrite.php(43): require_once('C:\\xampp\\htdocs...')
#10 {main}
CRITICAL - 2022-08-27 22:15:08 --> syntax error, unexpected variable "$client"
#0 C:\xampp\htdocs\stokisappv2\system\Router\Router.php(175): CodeIgniter\Router\Router->autoRoute('product')
#1 C:\xampp\htdocs\stokisappv2\system\CodeIgniter.php(726): CodeIgniter\Router\Router->handle('product')
#2 C:\xampp\htdocs\stokisappv2\system\CodeIgniter.php(368): CodeIgniter\CodeIgniter->tryToRouteIt(Object(CodeIgniter\Router\RouteCollection))
#3 C:\xampp\htdocs\stokisappv2\system\CodeIgniter.php(326): CodeIgniter\CodeIgniter->handleRequest(NULL, Object(Config\Cache), false)
#4 C:\xampp\htdocs\stokisappv2\public\index.php(37): CodeIgniter\CodeIgniter->run()
#5 C:\xampp\htdocs\stokisappv2\system\Commands\Server\rewrite.php(43): require_once('C:\\xampp\\htdocs...')
#6 {main}
CRITICAL - 2022-08-27 22:16:14 --> Undefined variable $query
#0 C:\xampp\htdocs\stokisappv2\app\Controllers\product.php(12): CodeIgniter\Debug\Exceptions->errorHandler(2, 'Undefined varia...', 'C:\\xampp\\htdocs...', 12)
#1 C:\xampp\htdocs\stokisappv2\system\CodeIgniter.php(832): App\Controllers\product->index()
#2 C:\xampp\htdocs\stokisappv2\system\CodeIgniter.php(419): CodeIgniter\CodeIgniter->runController(Object(App\Controllers\product))
#3 C:\xampp\htdocs\stokisappv2\system\CodeIgniter.php(326): CodeIgniter\CodeIgniter->handleRequest(NULL, Object(Config\Cache), false)
#4 C:\xampp\htdocs\stokisappv2\public\index.php(37): CodeIgniter\CodeIgniter->run()
#5 C:\xampp\htdocs\stokisappv2\system\Commands\Server\rewrite.php(43): require_once('C:\\xampp\\htdocs...')
#6 {main}
CRITICAL - 2022-08-27 22:21:49 --> 6 : Could not resolve host: web-id.tiens.com
#0 C:\xampp\htdocs\stokisappv2\system\HTTP\CURLRequest.php(656): CodeIgniter\HTTP\Exceptions\HTTPException::forCurlError('6', 'Could not resol...')
#1 C:\xampp\htdocs\stokisappv2\system\HTTP\CURLRequest.php(364): CodeIgniter\HTTP\CURLRequest->sendRequest(Array)
#2 C:\xampp\htdocs\stokisappv2\system\HTTP\CURLRequest.php(140): CodeIgniter\HTTP\CURLRequest->send('GET', 'https://web-id....')
#3 C:\xampp\htdocs\stokisappv2\app\Controllers\product.php(13): CodeIgniter\HTTP\CURLRequest->request('GET', 'https://web-id....', Array)
#4 C:\xampp\htdocs\stokisappv2\system\CodeIgniter.php(832): App\Controllers\product->index()
#5 C:\xampp\htdocs\stokisappv2\system\CodeIgniter.php(419): CodeIgniter\CodeIgniter->runController(Object(App\Controllers\product))
#6 C:\xampp\htdocs\stokisappv2\system\CodeIgniter.php(326): CodeIgniter\CodeIgniter->handleRequest(NULL, Object(Config\Cache), false)
#7 C:\xampp\htdocs\stokisappv2\public\index.php(37): CodeIgniter\CodeIgniter->run()
#8 C:\xampp\htdocs\stokisappv2\system\Commands\Server\rewrite.php(43): require_once('C:\\xampp\\htdocs...')
#9 {main}
CRITICAL - 2022-08-27 22:21:59 --> 6 : Could not resolve host: web-id.tiens.com
#0 C:\xampp\htdocs\stokisappv2\system\HTTP\CURLRequest.php(656): CodeIgniter\HTTP\Exceptions\HTTPException::forCurlError('6', 'Could not resol...')
#1 C:\xampp\htdocs\stokisappv2\system\HTTP\CURLRequest.php(364): CodeIgniter\HTTP\CURLRequest->sendRequest(Array)
#2 C:\xampp\htdocs\stokisappv2\system\HTTP\CURLRequest.php(140): CodeIgniter\HTTP\CURLRequest->send('GET', 'https://web-id....')
#3 C:\xampp\htdocs\stokisappv2\app\Controllers\product.php(13): CodeIgniter\HTTP\CURLRequest->request('GET', 'https://web-id....', Array)
#4 C:\xampp\htdocs\stokisappv2\system\CodeIgniter.php(832): App\Controllers\product->index()
#5 C:\xampp\htdocs\stokisappv2\system\CodeIgniter.php(419): CodeIgniter\CodeIgniter->runController(Object(App\Controllers\product))
#6 C:\xampp\htdocs\stokisappv2\system\CodeIgniter.php(326): CodeIgniter\CodeIgniter->handleRequest(NULL, Object(Config\Cache), false)
#7 C:\xampp\htdocs\stokisappv2\public\index.php(37): CodeIgniter\CodeIgniter->run()
#8 C:\xampp\htdocs\stokisappv2\system\Commands\Server\rewrite.php(43): require_once('C:\\xampp\\htdocs...')
#9 {main}
CRITICAL - 2022-08-27 22:22:39 --> 28 : Failed to connect to web-id.tiens.com port 443: Timed out
#0 C:\xampp\htdocs\stokisappv2\system\HTTP\CURLRequest.php(656): CodeIgniter\HTTP\Exceptions\HTTPException::forCurlError('28', 'Failed to conne...')
#1 C:\xampp\htdocs\stokisappv2\system\HTTP\CURLRequest.php(364): CodeIgniter\HTTP\CURLRequest->sendRequest(Array)
#2 C:\xampp\htdocs\stokisappv2\system\HTTP\CURLRequest.php(140): CodeIgniter\HTTP\CURLRequest->send('GET', 'https://web-id....')
#3 C:\xampp\htdocs\stokisappv2\app\Controllers\product.php(13): CodeIgniter\HTTP\CURLRequest->request('GET', 'https://web-id....', Array)
#4 C:\xampp\htdocs\stokisappv2\system\CodeIgniter.php(832): App\Controllers\product->index()
#5 C:\xampp\htdocs\stokisappv2\system\CodeIgniter.php(419): CodeIgniter\CodeIgniter->runController(Object(App\Controllers\product))
#6 C:\xampp\htdocs\stokisappv2\system\CodeIgniter.php(326): CodeIgniter\CodeIgniter->handleRequest(NULL, Object(Config\Cache), false)
#7 C:\xampp\htdocs\stokisappv2\public\index.php(37): CodeIgniter\CodeIgniter->run()
#8 C:\xampp\htdocs\stokisappv2\system\Commands\Server\rewrite.php(43): require_once('C:\\xampp\\htdocs...')
#9 {main}
CRITICAL - 2022-08-27 22:35:06 --> preg_match_all(): Unknown modifier 'p'
#0 [internal function]: CodeIgniter\Debug\Exceptions->errorHandler(2, 'preg_match_all(...', 'C:\\xampp\\htdocs...', 16)
#1 C:\xampp\htdocs\stokisappv2\app\Controllers\product.php(16): preg_match_all('/<a href="/prod...', '<!doctype html>...', NULL)
#2 C:\xampp\htdocs\stokisappv2\system\CodeIgniter.php(832): App\Controllers\product->index()
#3 C:\xampp\htdocs\stokisappv2\system\CodeIgniter.php(419): CodeIgniter\CodeIgniter->runController(Object(App\Controllers\product))
#4 C:\xampp\htdocs\stokisappv2\system\CodeIgniter.php(326): CodeIgniter\CodeIgniter->handleRequest(NULL, Object(Config\Cache), false)
#5 C:\xampp\htdocs\stokisappv2\public\index.php(37): CodeIgniter\CodeIgniter->run()
#6 C:\xampp\htdocs\stokisappv2\system\Commands\Server\rewrite.php(43): require_once('C:\\xampp\\htdocs...')
#7 {main}
CRITICAL - 2022-08-27 23:25:56 --> Undefined variable $produk
#0 C:\xampp\htdocs\stokisappv2\app\Views\index.php(120): CodeIgniter\Debug\Exceptions->errorHandler(2, 'Undefined varia...', 'C:\\xampp\\htdocs...', 120)
#1 C:\xampp\htdocs\stokisappv2\system\View\View.php(210): include('C:\\xampp\\htdocs...')
#2 C:\xampp\htdocs\stokisappv2\system\View\View.php(213): CodeIgniter\View\View->CodeIgniter\View\{closure}()
#3 C:\xampp\htdocs\stokisappv2\system\Common.php(1089): CodeIgniter\View\View->render('index', Array, true)
#4 C:\xampp\htdocs\stokisappv2\app\Controllers\Home.php(13): view('index', Array)
#5 C:\xampp\htdocs\stokisappv2\system\CodeIgniter.php(832): App\Controllers\Home->index()
#6 C:\xampp\htdocs\stokisappv2\system\CodeIgniter.php(419): CodeIgniter\CodeIgniter->runController(Object(App\Controllers\Home))
#7 C:\xampp\htdocs\stokisappv2\system\CodeIgniter.php(326): CodeIgniter\CodeIgniter->handleRequest(NULL, Object(Config\Cache), false)
#8 C:\xampp\htdocs\stokisappv2\public\index.php(37): CodeIgniter\CodeIgniter->run()
#9 C:\xampp\htdocs\stokisappv2\system\Commands\Server\rewrite.php(43): require_once('C:\\xampp\\htdocs...')
#10 {main}
CRITICAL - 2022-08-27 23:27:34 --> Undefined variable $produk
#0 C:\xampp\htdocs\stokisappv2\app\Views\index.php(120): CodeIgniter\Debug\Exceptions->errorHandler(2, 'Undefined varia...', 'C:\\xampp\\htdocs...', 120)
#1 C:\xampp\htdocs\stokisappv2\system\View\View.php(210): include('C:\\xampp\\htdocs...')
#2 C:\xampp\htdocs\stokisappv2\system\View\View.php(213): CodeIgniter\View\View->CodeIgniter\View\{closure}()
#3 C:\xampp\htdocs\stokisappv2\system\Common.php(1089): CodeIgniter\View\View->render('index', Array, true)
#4 C:\xampp\htdocs\stokisappv2\app\Controllers\Home.php(13): view('index', Array)
#5 C:\xampp\htdocs\stokisappv2\system\CodeIgniter.php(832): App\Controllers\Home->index()
#6 C:\xampp\htdocs\stokisappv2\system\CodeIgniter.php(419): CodeIgniter\CodeIgniter->runController(Object(App\Controllers\Home))
#7 C:\xampp\htdocs\stokisappv2\system\CodeIgniter.php(326): CodeIgniter\CodeIgniter->handleRequest(NULL, Object(Config\Cache), false)
#8 C:\xampp\htdocs\stokisappv2\public\index.php(37): CodeIgniter\CodeIgniter->run()
#9 C:\xampp\htdocs\stokisappv2\system\Commands\Server\rewrite.php(43): require_once('C:\\xampp\\htdocs...')
#10 {main}
CRITICAL - 2022-08-27 23:27:36 --> Undefined variable $produk
#0 C:\xampp\htdocs\stokisappv2\app\Views\index.php(120): CodeIgniter\Debug\Exceptions->errorHandler(2, 'Undefined varia...', 'C:\\xampp\\htdocs...', 120)
#1 C:\xampp\htdocs\stokisappv2\system\View\View.php(210): include('C:\\xampp\\htdocs...')
#2 C:\xampp\htdocs\stokisappv2\system\View\View.php(213): CodeIgniter\View\View->CodeIgniter\View\{closure}()
#3 C:\xampp\htdocs\stokisappv2\system\Common.php(1089): CodeIgniter\View\View->render('index', Array, true)
#4 C:\xampp\htdocs\stokisappv2\app\Controllers\Home.php(13): view('index', Array)
#5 C:\xampp\htdocs\stokisappv2\system\CodeIgniter.php(832): App\Controllers\Home->index()
#6 C:\xampp\htdocs\stokisappv2\system\CodeIgniter.php(419): CodeIgniter\CodeIgniter->runController(Object(App\Controllers\Home))
#7 C:\xampp\htdocs\stokisappv2\system\CodeIgniter.php(326): CodeIgniter\CodeIgniter->handleRequest(NULL, Object(Config\Cache), false)
#8 C:\xampp\htdocs\stokisappv2\public\index.php(37): CodeIgniter\CodeIgniter->run()
#9 C:\xampp\htdocs\stokisappv2\system\Commands\Server\rewrite.php(43): require_once('C:\\xampp\\htdocs...')
#10 {main}
CRITICAL - 2022-08-27 23:31:09 --> syntax error, unexpected token ";", expecting "]"
#0 C:\xampp\htdocs\stokisappv2\system\Autoloader\Autoloader.php(241): CodeIgniter\Autoloader\Autoloader->includeFile('C:\\xampp\\htdocs...')
#1 C:\xampp\htdocs\stokisappv2\system\Autoloader\Autoloader.php(219): CodeIgniter\Autoloader\Autoloader->loadInNamespace('App\\Controllers...')
#2 [internal function]: CodeIgniter\Autoloader\Autoloader->loadClass('App\\Controllers...')
#3 C:\xampp\htdocs\stokisappv2\system\CodeIgniter.php(797): class_exists('\\App\\Controller...', true)
#4 C:\xampp\htdocs\stokisappv2\system\CodeIgniter.php(406): CodeIgniter\CodeIgniter->startController()
#5 C:\xampp\htdocs\stokisappv2\system\CodeIgniter.php(326): CodeIgniter\CodeIgniter->handleRequest(NULL, Object(Config\Cache), false)
#6 C:\xampp\htdocs\stokisappv2\public\index.php(37): CodeIgniter\CodeIgniter->run()
#7 C:\xampp\htdocs\stokisappv2\system\Commands\Server\rewrite.php(43): require_once('C:\\xampp\\htdocs...')
#8 {main}
CRITICAL - 2022-08-27 23:31:19 --> Undefined array key "id_produk"
#0 C:\xampp\htdocs\stokisappv2\app\Views\index.php(124): CodeIgniter\Debug\Exceptions->errorHandler(2, 'Undefined array...', 'C:\\xampp\\htdocs...', 124)
#1 C:\xampp\htdocs\stokisappv2\system\View\View.php(210): include('C:\\xampp\\htdocs...')
#2 C:\xampp\htdocs\stokisappv2\system\View\View.php(213): CodeIgniter\View\View->CodeIgniter\View\{closure}()
#3 C:\xampp\htdocs\stokisappv2\system\Common.php(1089): CodeIgniter\View\View->render('index', Array, true)
#4 C:\xampp\htdocs\stokisappv2\app\Controllers\Home.php(23): view('index', Array)
#5 C:\xampp\htdocs\stokisappv2\system\CodeIgniter.php(832): App\Controllers\Home->index()
#6 C:\xampp\htdocs\stokisappv2\system\CodeIgniter.php(419): CodeIgniter\CodeIgniter->runController(Object(App\Controllers\Home))
#7 C:\xampp\htdocs\stokisappv2\system\CodeIgniter.php(326): CodeIgniter\CodeIgniter->handleRequest(NULL, Object(Config\Cache), false)
#8 C:\xampp\htdocs\stokisappv2\public\index.php(37): CodeIgniter\CodeIgniter->run()
#9 C:\xampp\htdocs\stokisappv2\system\Commands\Server\rewrite.php(43): require_once('C:\\xampp\\htdocs...')
#10 {main}
