CRITICAL - 2022-08-31 00:02:55 --> Undefined variable $keyword
#0 C:\xampp\htdocs\stokisappv2\app\Views\index.php(108): CodeIgniter\Debug\Exceptions->errorHandler(2, 'Undefined varia...', 'C:\\xampp\\htdocs...', 108)
#1 C:\xampp\htdocs\stokisappv2\system\View\View.php(210): include('C:\\xampp\\htdocs...')
#2 C:\xampp\htdocs\stokisappv2\system\View\View.php(213): CodeIgniter\View\View->CodeIgniter\View\{closure}()
#3 C:\xampp\htdocs\stokisappv2\system\Common.php(1089): CodeIgniter\View\View->render('index', Array, true)
#4 C:\xampp\htdocs\stokisappv2\app\Controllers\Home.php(33): view('index', Array)
#5 C:\xampp\htdocs\stokisappv2\system\CodeIgniter.php(832): App\Controllers\Home->index()
#6 C:\xampp\htdocs\stokisappv2\system\CodeIgniter.php(419): CodeIgniter\CodeIgniter->runController(Object(App\Controllers\Home))
#7 C:\xampp\htdocs\stokisappv2\system\CodeIgniter.php(326): CodeIgniter\CodeIgniter->handleRequest(NULL, Object(Config\Cache), false)
#8 C:\xampp\htdocs\stokisappv2\public\index.php(37): CodeIgniter\CodeIgniter->run()
#9 C:\xampp\htdocs\stokisappv2\system\Commands\Server\rewrite.php(43): require_once('C:\\xampp\\htdocs...')
#10 {main}
CRITICAL - 2022-08-31 00:02:58 --> Undefined variable $keyword
#0 C:\xampp\htdocs\stokisappv2\app\Views\index.php(108): CodeIgniter\Debug\Exceptions->errorHandler(2, 'Undefined varia...', 'C:\\xampp\\htdocs...', 108)
#1 C:\xampp\htdocs\stokisappv2\system\View\View.php(210): include('C:\\xampp\\htdocs...')
#2 C:\xampp\htdocs\stokisappv2\system\View\View.php(213): CodeIgniter\View\View->CodeIgniter\View\{closure}()
#3 C:\xampp\htdocs\stokisappv2\system\Common.php(1089): CodeIgniter\View\View->render('index', Array, true)
#4 C:\xampp\htdocs\stokisappv2\app\Controllers\Home.php(33): view('index', Array)
#5 C:\xampp\htdocs\stokisappv2\system\CodeIgniter.php(832): App\Controllers\Home->index()
#6 C:\xampp\htdocs\stokisappv2\system\CodeIgniter.php(419): CodeIgniter\CodeIgniter->runController(Object(App\Controllers\Home))
#7 C:\xampp\htdocs\stokisappv2\system\CodeIgniter.php(326): CodeIgniter\CodeIgniter->handleRequest(NULL, Object(Config\Cache), false)
#8 C:\xampp\htdocs\stokisappv2\public\index.php(37): CodeIgniter\CodeIgniter->run()
#9 C:\xampp\htdocs\stokisappv2\system\Commands\Server\rewrite.php(43): require_once('C:\\xampp\\htdocs...')
#10 {main}
CRITICAL - 2022-08-31 00:08:04 --> Trying to access array offset on value of type null
#0 C:\xampp\htdocs\stokisappv2\app\Views\pages\user\detail.php(23): CodeIgniter\Debug\Exceptions->errorHandler(2, 'Trying to acces...', 'C:\\xampp\\htdocs...', 23)
#1 C:\xampp\htdocs\stokisappv2\system\View\View.php(210): include('C:\\xampp\\htdocs...')
#2 C:\xampp\htdocs\stokisappv2\system\View\View.php(213): CodeIgniter\View\View->CodeIgniter\View\{closure}()
#3 C:\xampp\htdocs\stokisappv2\system\Common.php(1089): CodeIgniter\View\View->render('pages/user/deta...', Array, true)
#4 C:\xampp\htdocs\stokisappv2\app\Controllers\Home.php(46): view('pages/user/deta...', Array)
#5 C:\xampp\htdocs\stokisappv2\system\CodeIgniter.php(832): App\Controllers\Home->detail('42')
#6 C:\xampp\htdocs\stokisappv2\system\CodeIgniter.php(419): CodeIgniter\CodeIgniter->runController(Object(App\Controllers\Home))
#7 C:\xampp\htdocs\stokisappv2\system\CodeIgniter.php(326): CodeIgniter\CodeIgniter->handleRequest(NULL, Object(Config\Cache), false)
#8 C:\xampp\htdocs\stokisappv2\public\index.php(37): CodeIgniter\CodeIgniter->run()
#9 C:\xampp\htdocs\stokisappv2\system\Commands\Server\rewrite.php(43): require_once('C:\\xampp\\htdocs...')
#10 {main}
CRITICAL - 2022-08-31 00:12:34 --> Undefined variable $keyword
#0 C:\xampp\htdocs\stokisappv2\app\Views\index.php(108): CodeIgniter\Debug\Exceptions->errorHandler(2, 'Undefined varia...', 'C:\\xampp\\htdocs...', 108)
#1 C:\xampp\htdocs\stokisappv2\system\View\View.php(210): include('C:\\xampp\\htdocs...')
#2 C:\xampp\htdocs\stokisappv2\system\View\View.php(213): CodeIgniter\View\View->CodeIgniter\View\{closure}()
#3 C:\xampp\htdocs\stokisappv2\system\Common.php(1089): CodeIgniter\View\View->render('index', Array, true)
#4 C:\xampp\htdocs\stokisappv2\app\Controllers\owner.php(9): view('index')
#5 C:\xampp\htdocs\stokisappv2\system\CodeIgniter.php(832): App\Controllers\owner->index()
#6 C:\xampp\htdocs\stokisappv2\system\CodeIgniter.php(419): CodeIgniter\CodeIgniter->runController(Object(App\Controllers\owner))
#7 C:\xampp\htdocs\stokisappv2\system\CodeIgniter.php(326): CodeIgniter\CodeIgniter->handleRequest(NULL, Object(Config\Cache), false)
#8 C:\xampp\htdocs\stokisappv2\public\index.php(37): CodeIgniter\CodeIgniter->run()
#9 C:\xampp\htdocs\stokisappv2\system\Commands\Server\rewrite.php(43): require_once('C:\\xampp\\htdocs...')
#10 {main}
CRITICAL - 2022-08-31 00:14:22 --> Call to undefined method CodeIgniter\View\View::expande()
#0 C:\xampp\htdocs\stokisappv2\system\View\View.php(210): include()
#1 C:\xampp\htdocs\stokisappv2\system\View\View.php(213): CodeIgniter\View\View->CodeIgniter\View\{closure}()
#2 C:\xampp\htdocs\stokisappv2\system\Common.php(1089): CodeIgniter\View\View->render('pages/admin/own...', Array, true)
#3 C:\xampp\htdocs\stokisappv2\app\Controllers\owner.php(9): view('pages/admin/own...')
#4 C:\xampp\htdocs\stokisappv2\system\CodeIgniter.php(832): App\Controllers\owner->index()
#5 C:\xampp\htdocs\stokisappv2\system\CodeIgniter.php(419): CodeIgniter\CodeIgniter->runController(Object(App\Controllers\owner))
#6 C:\xampp\htdocs\stokisappv2\system\CodeIgniter.php(326): CodeIgniter\CodeIgniter->handleRequest(NULL, Object(Config\Cache), false)
#7 C:\xampp\htdocs\stokisappv2\public\index.php(37): CodeIgniter\CodeIgniter->run()
#8 C:\xampp\htdocs\stokisappv2\system\Commands\Server\rewrite.php(43): require_once('C:\\xampp\\htdocs...')
#9 {main}
CRITICAL - 2022-08-31 00:14:29 --> Call to undefined method CodeIgniter\View\View::expanded()
#0 C:\xampp\htdocs\stokisappv2\system\View\View.php(210): include()
#1 C:\xampp\htdocs\stokisappv2\system\View\View.php(213): CodeIgniter\View\View->CodeIgniter\View\{closure}()
#2 C:\xampp\htdocs\stokisappv2\system\Common.php(1089): CodeIgniter\View\View->render('pages/admin/own...', Array, true)
#3 C:\xampp\htdocs\stokisappv2\app\Controllers\owner.php(9): view('pages/admin/own...')
#4 C:\xampp\htdocs\stokisappv2\system\CodeIgniter.php(832): App\Controllers\owner->index()
#5 C:\xampp\htdocs\stokisappv2\system\CodeIgniter.php(419): CodeIgniter\CodeIgniter->runController(Object(App\Controllers\owner))
#6 C:\xampp\htdocs\stokisappv2\system\CodeIgniter.php(326): CodeIgniter\CodeIgniter->handleRequest(NULL, Object(Config\Cache), false)
#7 C:\xampp\htdocs\stokisappv2\public\index.php(37): CodeIgniter\CodeIgniter->run()
#8 C:\xampp\htdocs\stokisappv2\system\Commands\Server\rewrite.php(43): require_once('C:\\xampp\\htdocs...')
#9 {main}
CRITICAL - 2022-08-31 00:14:33 --> Call to undefined method CodeIgniter\View\View::expand()
#0 C:\xampp\htdocs\stokisappv2\system\View\View.php(210): include()
#1 C:\xampp\htdocs\stokisappv2\system\View\View.php(213): CodeIgniter\View\View->CodeIgniter\View\{closure}()
#2 C:\xampp\htdocs\stokisappv2\system\Common.php(1089): CodeIgniter\View\View->render('pages/admin/own...', Array, true)
#3 C:\xampp\htdocs\stokisappv2\app\Controllers\owner.php(9): view('pages/admin/own...')
#4 C:\xampp\htdocs\stokisappv2\system\CodeIgniter.php(832): App\Controllers\owner->index()
#5 C:\xampp\htdocs\stokisappv2\system\CodeIgniter.php(419): CodeIgniter\CodeIgniter->runController(Object(App\Controllers\owner))
#6 C:\xampp\htdocs\stokisappv2\system\CodeIgniter.php(326): CodeIgniter\CodeIgniter->handleRequest(NULL, Object(Config\Cache), false)
#7 C:\xampp\htdocs\stokisappv2\public\index.php(37): CodeIgniter\CodeIgniter->run()
#8 C:\xampp\htdocs\stokisappv2\system\Commands\Server\rewrite.php(43): require_once('C:\\xampp\\htdocs...')
#9 {main}
CRITICAL - 2022-08-31 00:14:42 --> Call to undefined method CodeIgniter\View\View::expanded()
#0 C:\xampp\htdocs\stokisappv2\system\View\View.php(210): include()
#1 C:\xampp\htdocs\stokisappv2\system\View\View.php(213): CodeIgniter\View\View->CodeIgniter\View\{closure}()
#2 C:\xampp\htdocs\stokisappv2\system\Common.php(1089): CodeIgniter\View\View->render('pages/admin/own...', Array, true)
#3 C:\xampp\htdocs\stokisappv2\app\Controllers\owner.php(9): view('pages/admin/own...')
#4 C:\xampp\htdocs\stokisappv2\system\CodeIgniter.php(832): App\Controllers\owner->index()
#5 C:\xampp\htdocs\stokisappv2\system\CodeIgniter.php(419): CodeIgniter\CodeIgniter->runController(Object(App\Controllers\owner))
#6 C:\xampp\htdocs\stokisappv2\system\CodeIgniter.php(326): CodeIgniter\CodeIgniter->handleRequest(NULL, Object(Config\Cache), false)
#7 C:\xampp\htdocs\stokisappv2\public\index.php(37): CodeIgniter\CodeIgniter->run()
#8 C:\xampp\htdocs\stokisappv2\system\Commands\Server\rewrite.php(43): require_once('C:\\xampp\\htdocs...')
#9 {main}
CRITICAL - 2022-08-31 00:50:24 --> Trying to access array offset on value of type null
#0 C:\xampp\htdocs\stokisappv2\app\Views\pages\user\detail.php(23): CodeIgniter\Debug\Exceptions->errorHandler(2, 'Trying to acces...', 'C:\\xampp\\htdocs...', 23)
#1 C:\xampp\htdocs\stokisappv2\system\View\View.php(210): include('C:\\xampp\\htdocs...')
#2 C:\xampp\htdocs\stokisappv2\system\View\View.php(213): CodeIgniter\View\View->CodeIgniter\View\{closure}()
#3 C:\xampp\htdocs\stokisappv2\system\Common.php(1089): CodeIgniter\View\View->render('pages/user/deta...', Array, true)
#4 C:\xampp\htdocs\stokisappv2\app\Controllers\Home.php(46): view('pages/user/deta...', Array)
#5 C:\xampp\htdocs\stokisappv2\system\CodeIgniter.php(832): App\Controllers\Home->detail('33')
#6 C:\xampp\htdocs\stokisappv2\system\CodeIgniter.php(419): CodeIgniter\CodeIgniter->runController(Object(App\Controllers\Home))
#7 C:\xampp\htdocs\stokisappv2\system\CodeIgniter.php(326): CodeIgniter\CodeIgniter->handleRequest(NULL, Object(Config\Cache), false)
#8 C:\xampp\htdocs\stokisappv2\public\index.php(37): CodeIgniter\CodeIgniter->run()
#9 C:\xampp\htdocs\stokisappv2\system\Commands\Server\rewrite.php(43): require_once('C:\\xampp\\htdocs...')
#10 {main}
CRITICAL - 2022-08-31 02:55:57 --> Trying to access array offset on value of type null
#0 C:\xampp\htdocs\stokisappv2\app\Views\pages\user\detail.php(23): CodeIgniter\Debug\Exceptions->errorHandler(2, 'Trying to acces...', 'C:\\xampp\\htdocs...', 23)
#1 C:\xampp\htdocs\stokisappv2\system\View\View.php(210): include('C:\\xampp\\htdocs...')
#2 C:\xampp\htdocs\stokisappv2\system\View\View.php(213): CodeIgniter\View\View->CodeIgniter\View\{closure}()
#3 C:\xampp\htdocs\stokisappv2\system\Common.php(1089): CodeIgniter\View\View->render('pages/user/deta...', Array, true)
#4 C:\xampp\htdocs\stokisappv2\app\Controllers\Home.php(45): view('pages/user/deta...', Array)
#5 C:\xampp\htdocs\stokisappv2\system\CodeIgniter.php(832): App\Controllers\Home->detail('2')
#6 C:\xampp\htdocs\stokisappv2\system\CodeIgniter.php(419): CodeIgniter\CodeIgniter->runController(Object(App\Controllers\Home))
#7 C:\xampp\htdocs\stokisappv2\system\CodeIgniter.php(326): CodeIgniter\CodeIgniter->handleRequest(NULL, Object(Config\Cache), false)
#8 C:\xampp\htdocs\stokisappv2\public\index.php(37): CodeIgniter\CodeIgniter->run()
#9 C:\xampp\htdocs\stokisappv2\system\Commands\Server\rewrite.php(43): require_once('C:\\xampp\\htdocs...')
#10 {main}
CRITICAL - 2022-08-31 03:43:45 --> Call to a member function getName() on null
#0 C:\xampp\htdocs\stokisappv2\system\CodeIgniter.php(832): App\Controllers\master->simpanProduk()
#1 C:\xampp\htdocs\stokisappv2\system\CodeIgniter.php(419): CodeIgniter\CodeIgniter->runController(Object(App\Controllers\master))
#2 C:\xampp\htdocs\stokisappv2\system\CodeIgniter.php(326): CodeIgniter\CodeIgniter->handleRequest(NULL, Object(Config\Cache), false)
#3 C:\xampp\htdocs\stokisappv2\public\index.php(37): CodeIgniter\CodeIgniter->run()
#4 C:\xampp\htdocs\stokisappv2\system\Commands\Server\rewrite.php(43): require_once('C:\\xampp\\htdocs...')
#5 {main}
CRITICAL - 2022-08-31 03:44:15 --> Undefined variable $namaFile
#0 C:\xampp\htdocs\stokisappv2\app\Controllers\master.php(31): CodeIgniter\Debug\Exceptions->errorHandler(2, 'Undefined varia...', 'C:\\xampp\\htdocs...', 31)
#1 C:\xampp\htdocs\stokisappv2\system\CodeIgniter.php(832): App\Controllers\master->simpanProduk()
#2 C:\xampp\htdocs\stokisappv2\system\CodeIgniter.php(419): CodeIgniter\CodeIgniter->runController(Object(App\Controllers\master))
#3 C:\xampp\htdocs\stokisappv2\system\CodeIgniter.php(326): CodeIgniter\CodeIgniter->handleRequest(NULL, Object(Config\Cache), false)
#4 C:\xampp\htdocs\stokisappv2\public\index.php(37): CodeIgniter\CodeIgniter->run()
#5 C:\xampp\htdocs\stokisappv2\system\Commands\Server\rewrite.php(43): require_once('C:\\xampp\\htdocs...')
#6 {main}
CRITICAL - 2022-08-31 03:46:55 --> File not found: 
#0 C:\xampp\htdocs\stokisappv2\system\Files\File.php(46): CodeIgniter\Files\Exceptions\FileNotFoundException::forFileNotFound('')
#1 C:\xampp\htdocs\stokisappv2\system\Images\Handlers\BaseHandler.php(148): CodeIgniter\Files\File->__construct('', true)
#2 C:\xampp\htdocs\stokisappv2\app\Controllers\master.php(24): CodeIgniter\Images\Handlers\BaseHandler->withFile('')
#3 C:\xampp\htdocs\stokisappv2\system\CodeIgniter.php(832): App\Controllers\master->simpanProduk()
#4 C:\xampp\htdocs\stokisappv2\system\CodeIgniter.php(419): CodeIgniter\CodeIgniter->runController(Object(App\Controllers\master))
#5 C:\xampp\htdocs\stokisappv2\system\CodeIgniter.php(326): CodeIgniter\CodeIgniter->handleRequest(NULL, Object(Config\Cache), false)
#6 C:\xampp\htdocs\stokisappv2\public\index.php(37): CodeIgniter\CodeIgniter->run()
#7 C:\xampp\htdocs\stokisappv2\system\Commands\Server\rewrite.php(43): require_once('C:\\xampp\\htdocs...')
#8 {main}
CRITICAL - 2022-08-31 03:50:31 --> Call to a member function getName() on null
#0 C:\xampp\htdocs\stokisappv2\system\CodeIgniter.php(832): App\Controllers\master->simpanProduk()
#1 C:\xampp\htdocs\stokisappv2\system\CodeIgniter.php(419): CodeIgniter\CodeIgniter->runController(Object(App\Controllers\master))
#2 C:\xampp\htdocs\stokisappv2\system\CodeIgniter.php(326): CodeIgniter\CodeIgniter->handleRequest(NULL, Object(Config\Cache), false)
#3 C:\xampp\htdocs\stokisappv2\public\index.php(37): CodeIgniter\CodeIgniter->run()
#4 C:\xampp\htdocs\stokisappv2\system\Commands\Server\rewrite.php(43): require_once('C:\\xampp\\htdocs...')
#5 {main}
CRITICAL - 2022-08-31 03:50:39 --> Undefined property: App\Controllers\master::$produkModel
#0 C:\xampp\htdocs\stokisappv2\app\Controllers\master.php(29): CodeIgniter\Debug\Exceptions->errorHandler(2, 'Undefined prope...', 'C:\\xampp\\htdocs...', 29)
#1 C:\xampp\htdocs\stokisappv2\system\CodeIgniter.php(832): App\Controllers\master->simpanProduk()
#2 C:\xampp\htdocs\stokisappv2\system\CodeIgniter.php(419): CodeIgniter\CodeIgniter->runController(Object(App\Controllers\master))
#3 C:\xampp\htdocs\stokisappv2\system\CodeIgniter.php(326): CodeIgniter\CodeIgniter->handleRequest(NULL, Object(Config\Cache), false)
#4 C:\xampp\htdocs\stokisappv2\public\index.php(37): CodeIgniter\CodeIgniter->run()
#5 C:\xampp\htdocs\stokisappv2\system\Commands\Server\rewrite.php(43): require_once('C:\\xampp\\htdocs...')
#6 {main}
CRITICAL - 2022-08-31 03:51:29 --> Call to a member function getName() on null
#0 C:\xampp\htdocs\stokisappv2\system\CodeIgniter.php(832): App\Controllers\master->simpanProduk()
#1 C:\xampp\htdocs\stokisappv2\system\CodeIgniter.php(419): CodeIgniter\CodeIgniter->runController(Object(App\Controllers\master))
#2 C:\xampp\htdocs\stokisappv2\system\CodeIgniter.php(326): CodeIgniter\CodeIgniter->handleRequest(NULL, Object(Config\Cache), false)
#3 C:\xampp\htdocs\stokisappv2\public\index.php(37): CodeIgniter\CodeIgniter->run()
#4 C:\xampp\htdocs\stokisappv2\system\Commands\Server\rewrite.php(43): require_once('C:\\xampp\\htdocs...')
#5 {main}
CRITICAL - 2022-08-31 03:51:33 --> Call to a member function save() on null
#0 C:\xampp\htdocs\stokisappv2\system\CodeIgniter.php(832): App\Controllers\master->simpanProduk()
#1 C:\xampp\htdocs\stokisappv2\system\CodeIgniter.php(419): CodeIgniter\CodeIgniter->runController(Object(App\Controllers\master))
#2 C:\xampp\htdocs\stokisappv2\system\CodeIgniter.php(326): CodeIgniter\CodeIgniter->handleRequest(NULL, Object(Config\Cache), false)
#3 C:\xampp\htdocs\stokisappv2\public\index.php(37): CodeIgniter\CodeIgniter->run()
#4 C:\xampp\htdocs\stokisappv2\system\Commands\Server\rewrite.php(43): require_once('C:\\xampp\\htdocs...')
#5 {main}
CRITICAL - 2022-08-31 03:52:50 --> Trying to access array offset on value of type null
#0 C:\xampp\htdocs\stokisappv2\app\Views\pages\user\detail.php(23): CodeIgniter\Debug\Exceptions->errorHandler(2, 'Trying to acces...', 'C:\\xampp\\htdocs...', 23)
#1 C:\xampp\htdocs\stokisappv2\system\View\View.php(210): include('C:\\xampp\\htdocs...')
#2 C:\xampp\htdocs\stokisappv2\system\View\View.php(213): CodeIgniter\View\View->CodeIgniter\View\{closure}()
#3 C:\xampp\htdocs\stokisappv2\system\Common.php(1089): CodeIgniter\View\View->render('pages/user/deta...', Array, true)
#4 C:\xampp\htdocs\stokisappv2\app\Controllers\Home.php(45): view('pages/user/deta...', Array)
#5 C:\xampp\htdocs\stokisappv2\system\CodeIgniter.php(832): App\Controllers\Home->detail('43')
#6 C:\xampp\htdocs\stokisappv2\system\CodeIgniter.php(419): CodeIgniter\CodeIgniter->runController(Object(App\Controllers\Home))
#7 C:\xampp\htdocs\stokisappv2\system\CodeIgniter.php(326): CodeIgniter\CodeIgniter->handleRequest(NULL, Object(Config\Cache), false)
#8 C:\xampp\htdocs\stokisappv2\public\index.php(37): CodeIgniter\CodeIgniter->run()
#9 C:\xampp\htdocs\stokisappv2\system\Commands\Server\rewrite.php(43): require_once('C:\\xampp\\htdocs...')
#10 {main}
CRITICAL - 2022-08-31 03:54:24 --> Trying to access array offset on value of type null
#0 C:\xampp\htdocs\stokisappv2\app\Views\pages\user\detail.php(23): CodeIgniter\Debug\Exceptions->errorHandler(2, 'Trying to acces...', 'C:\\xampp\\htdocs...', 23)
#1 C:\xampp\htdocs\stokisappv2\system\View\View.php(210): include('C:\\xampp\\htdocs...')
#2 C:\xampp\htdocs\stokisappv2\system\View\View.php(213): CodeIgniter\View\View->CodeIgniter\View\{closure}()
#3 C:\xampp\htdocs\stokisappv2\system\Common.php(1089): CodeIgniter\View\View->render('pages/user/deta...', Array, true)
#4 C:\xampp\htdocs\stokisappv2\app\Controllers\Home.php(45): view('pages/user/deta...', Array)
#5 C:\xampp\htdocs\stokisappv2\system\CodeIgniter.php(832): App\Controllers\Home->detail('43')
#6 C:\xampp\htdocs\stokisappv2\system\CodeIgniter.php(419): CodeIgniter\CodeIgniter->runController(Object(App\Controllers\Home))
#7 C:\xampp\htdocs\stokisappv2\system\CodeIgniter.php(326): CodeIgniter\CodeIgniter->handleRequest(NULL, Object(Config\Cache), false)
#8 C:\xampp\htdocs\stokisappv2\public\index.php(37): CodeIgniter\CodeIgniter->run()
#9 C:\xampp\htdocs\stokisappv2\system\Commands\Server\rewrite.php(43): require_once('C:\\xampp\\htdocs...')
#10 {main}
CRITICAL - 2022-08-31 03:54:32 --> Trying to access array offset on value of type null
#0 C:\xampp\htdocs\stokisappv2\app\Views\pages\user\detail.php(23): CodeIgniter\Debug\Exceptions->errorHandler(2, 'Trying to acces...', 'C:\\xampp\\htdocs...', 23)
#1 C:\xampp\htdocs\stokisappv2\system\View\View.php(210): include('C:\\xampp\\htdocs...')
#2 C:\xampp\htdocs\stokisappv2\system\View\View.php(213): CodeIgniter\View\View->CodeIgniter\View\{closure}()
#3 C:\xampp\htdocs\stokisappv2\system\Common.php(1089): CodeIgniter\View\View->render('pages/user/deta...', Array, true)
#4 C:\xampp\htdocs\stokisappv2\app\Controllers\Home.php(45): view('pages/user/deta...', Array)
#5 C:\xampp\htdocs\stokisappv2\system\CodeIgniter.php(832): App\Controllers\Home->detail('33')
#6 C:\xampp\htdocs\stokisappv2\system\CodeIgniter.php(419): CodeIgniter\CodeIgniter->runController(Object(App\Controllers\Home))
#7 C:\xampp\htdocs\stokisappv2\system\CodeIgniter.php(326): CodeIgniter\CodeIgniter->handleRequest(NULL, Object(Config\Cache), false)
#8 C:\xampp\htdocs\stokisappv2\public\index.php(37): CodeIgniter\CodeIgniter->run()
#9 C:\xampp\htdocs\stokisappv2\system\Commands\Server\rewrite.php(43): require_once('C:\\xampp\\htdocs...')
#10 {main}
ERROR - 2022-08-31 08:09:55 --> Error connecting to the database: No connection could be made because the target machine actively refused it
CRITICAL - 2022-08-31 08:09:55 --> Unable to connect to the database.
Main connection [MySQLi]: No connection could be made because the target machine actively refused it
#0 C:\xampp\htdocs\stokisappv2\system\Database\BaseConnection.php(577): CodeIgniter\Database\BaseConnection->initialize()
#1 C:\xampp\htdocs\stokisappv2\system\Database\BaseBuilder.php(1455): CodeIgniter\Database\BaseConnection->query('SELECT *\nFROM `...', Array, false)
#2 C:\xampp\htdocs\stokisappv2\system\Model.php(183): CodeIgniter\Database\BaseBuilder->get()
#3 C:\xampp\htdocs\stokisappv2\system\BaseModel.php(584): CodeIgniter\Model->doFindAll(0, 0)
#4 C:\xampp\htdocs\stokisappv2\app\Controllers\Home.php(22): CodeIgniter\BaseModel->findAll()
#5 C:\xampp\htdocs\stokisappv2\system\CodeIgniter.php(832): App\Controllers\Home->index()
#6 C:\xampp\htdocs\stokisappv2\system\CodeIgniter.php(419): CodeIgniter\CodeIgniter->runController(Object(App\Controllers\Home))
#7 C:\xampp\htdocs\stokisappv2\system\CodeIgniter.php(326): CodeIgniter\CodeIgniter->handleRequest(NULL, Object(Config\Cache), false)
#8 C:\xampp\htdocs\stokisappv2\public\index.php(37): CodeIgniter\CodeIgniter->run()
#9 C:\xampp\htdocs\stokisappv2\system\Commands\Server\rewrite.php(43): require_once('C:\\xampp\\htdocs...')
#10 {main}
CRITICAL - 2022-08-31 08:57:17 --> Undefined variable $title
#0 C:\xampp\htdocs\stokisappv2\app\Views\layout\template\cabang.php(9): CodeIgniter\Debug\Exceptions->errorHandler(2, 'Undefined varia...', 'C:\\xampp\\htdocs...', 9)
#1 C:\xampp\htdocs\stokisappv2\system\View\View.php(210): include('C:\\xampp\\htdocs...')
#2 C:\xampp\htdocs\stokisappv2\system\View\View.php(213): CodeIgniter\View\View->CodeIgniter\View\{closure}()
#3 C:\xampp\htdocs\stokisappv2\system\View\View.php(226): CodeIgniter\View\View->render('layout/template...', Array, true)
#4 C:\xampp\htdocs\stokisappv2\system\Common.php(1089): CodeIgniter\View\View->render('pages/admin/cab...', Array, true)
#5 C:\xampp\htdocs\stokisappv2\app\Controllers\master.php(18): view('pages/admin/cab...')
#6 C:\xampp\htdocs\stokisappv2\system\CodeIgniter.php(832): App\Controllers\master->index()
#7 C:\xampp\htdocs\stokisappv2\system\CodeIgniter.php(419): CodeIgniter\CodeIgniter->runController(Object(App\Controllers\master))
#8 C:\xampp\htdocs\stokisappv2\system\CodeIgniter.php(326): CodeIgniter\CodeIgniter->handleRequest(NULL, Object(Config\Cache), false)
#9 C:\xampp\htdocs\stokisappv2\public\index.php(37): CodeIgniter\CodeIgniter->run()
#10 C:\xampp\htdocs\stokisappv2\system\Commands\Server\rewrite.php(43): require_once('C:\\xampp\\htdocs...')
#11 {main}
CRITICAL - 2022-08-31 08:57:25 --> Undefined variable $title
#0 C:\xampp\htdocs\stokisappv2\app\Views\layout\template\cabang.php(9): CodeIgniter\Debug\Exceptions->errorHandler(2, 'Undefined varia...', 'C:\\xampp\\htdocs...', 9)
#1 C:\xampp\htdocs\stokisappv2\system\View\View.php(210): include('C:\\xampp\\htdocs...')
#2 C:\xampp\htdocs\stokisappv2\system\View\View.php(213): CodeIgniter\View\View->CodeIgniter\View\{closure}()
#3 C:\xampp\htdocs\stokisappv2\system\View\View.php(226): CodeIgniter\View\View->render('layout/template...', Array, true)
#4 C:\xampp\htdocs\stokisappv2\system\Common.php(1089): CodeIgniter\View\View->render('pages/admin/cab...', Array, true)
#5 C:\xampp\htdocs\stokisappv2\app\Controllers\master.php(18): view('pages/admin/cab...')
#6 C:\xampp\htdocs\stokisappv2\system\CodeIgniter.php(832): App\Controllers\master->index()
#7 C:\xampp\htdocs\stokisappv2\system\CodeIgniter.php(419): CodeIgniter\CodeIgniter->runController(Object(App\Controllers\master))
#8 C:\xampp\htdocs\stokisappv2\system\CodeIgniter.php(326): CodeIgniter\CodeIgniter->handleRequest(NULL, Object(Config\Cache), false)
#9 C:\xampp\htdocs\stokisappv2\public\index.php(37): CodeIgniter\CodeIgniter->run()
#10 C:\xampp\htdocs\stokisappv2\system\Commands\Server\rewrite.php(43): require_once('C:\\xampp\\htdocs...')
#11 {main}
