CRITICAL - 2022-11-04 03:46:05 --> Class "App\Controllers\cartModel" not found
#0 C:\xampp\htdocs\stokisapp\system\CodeIgniter.php(809): App\Controllers\Home->__construct()
#1 C:\xampp\htdocs\stokisapp\system\CodeIgniter.php(410): CodeIgniter\CodeIgniter->createController()
#2 C:\xampp\htdocs\stokisapp\system\CodeIgniter.php(326): CodeIgniter\CodeIgniter->handleRequest(NULL, Object(Config\Cache), false)
#3 C:\xampp\htdocs\stokisapp\public\index.php(37): CodeIgniter\CodeIgniter->run()
#4 C:\xampp\htdocs\stokisapp\system\Commands\Server\rewrite.php(43): require_once('C:\\xampp\\htdocs...')
#5 {main}
ERROR - 2022-11-04 03:47:15 --> Column 'id_order' cannot be null
CRITICAL - 2022-11-04 03:47:15 --> Column 'id_order' cannot be null
#0 C:\xampp\htdocs\stokisapp\system\Database\MySQLi\Connection.php(292): mysqli->query('INSERT INTO `ca...', 0)
#1 C:\xampp\htdocs\stokisapp\system\Database\BaseConnection.php(670): CodeIgniter\Database\MySQLi\Connection->execute('INSERT INTO `ca...')
#2 C:\xampp\htdocs\stokisapp\system\Database\BaseConnection.php(598): CodeIgniter\Database\BaseConnection->simpleQuery('INSERT INTO `ca...')
#3 C:\xampp\htdocs\stokisapp\system\Database\BaseBuilder.php(1771): CodeIgniter\Database\BaseConnection->query('INSERT INTO `ca...', Array, false)
#4 C:\xampp\htdocs\stokisapp\system\Model.php(239): CodeIgniter\Database\BaseBuilder->insert()
#5 C:\xampp\htdocs\stokisapp\system\BaseModel.php(738): CodeIgniter\Model->doInsert(Array)
#6 C:\xampp\htdocs\stokisapp\system\Model.php(625): CodeIgniter\BaseModel->insert(Array, false)
#7 C:\xampp\htdocs\stokisapp\system\BaseModel.php(658): CodeIgniter\Model->insert(Array, false)
#8 C:\xampp\htdocs\stokisapp\app\Controllers\Home.php(71): CodeIgniter\BaseModel->save(Array)
#9 C:\xampp\htdocs\stokisapp\system\CodeIgniter.php(832): App\Controllers\Home->keranjangAdd()
#10 C:\xampp\htdocs\stokisapp\system\CodeIgniter.php(419): CodeIgniter\CodeIgniter->runController(Object(App\Controllers\Home))
#11 C:\xampp\htdocs\stokisapp\system\CodeIgniter.php(326): CodeIgniter\CodeIgniter->handleRequest(NULL, Object(Config\Cache), false)
#12 C:\xampp\htdocs\stokisapp\public\index.php(37): CodeIgniter\CodeIgniter->run()
#13 C:\xampp\htdocs\stokisapp\system\Commands\Server\rewrite.php(43): require_once('C:\\xampp\\htdocs...')
#14 {main}
ERROR - 2022-11-04 03:47:43 --> Column 'id_order' cannot be null
CRITICAL - 2022-11-04 03:47:43 --> Column 'id_order' cannot be null
#0 C:\xampp\htdocs\stokisapp\system\Database\MySQLi\Connection.php(292): mysqli->query('INSERT INTO `ca...', 0)
#1 C:\xampp\htdocs\stokisapp\system\Database\BaseConnection.php(670): CodeIgniter\Database\MySQLi\Connection->execute('INSERT INTO `ca...')
#2 C:\xampp\htdocs\stokisapp\system\Database\BaseConnection.php(598): CodeIgniter\Database\BaseConnection->simpleQuery('INSERT INTO `ca...')
#3 C:\xampp\htdocs\stokisapp\system\Database\BaseBuilder.php(1771): CodeIgniter\Database\BaseConnection->query('INSERT INTO `ca...', Array, false)
#4 C:\xampp\htdocs\stokisapp\system\Model.php(239): CodeIgniter\Database\BaseBuilder->insert()
#5 C:\xampp\htdocs\stokisapp\system\BaseModel.php(738): CodeIgniter\Model->doInsert(Array)
#6 C:\xampp\htdocs\stokisapp\system\Model.php(625): CodeIgniter\BaseModel->insert(Array, false)
#7 C:\xampp\htdocs\stokisapp\system\BaseModel.php(658): CodeIgniter\Model->insert(Array, false)
#8 C:\xampp\htdocs\stokisapp\app\Controllers\Home.php(71): CodeIgniter\BaseModel->save(Array)
#9 C:\xampp\htdocs\stokisapp\system\CodeIgniter.php(832): App\Controllers\Home->keranjangAdd()
#10 C:\xampp\htdocs\stokisapp\system\CodeIgniter.php(419): CodeIgniter\CodeIgniter->runController(Object(App\Controllers\Home))
#11 C:\xampp\htdocs\stokisapp\system\CodeIgniter.php(326): CodeIgniter\CodeIgniter->handleRequest(NULL, Object(Config\Cache), false)
#12 C:\xampp\htdocs\stokisapp\public\index.php(37): CodeIgniter\CodeIgniter->run()
#13 C:\xampp\htdocs\stokisapp\system\Commands\Server\rewrite.php(43): require_once('C:\\xampp\\htdocs...')
#14 {main}
CRITICAL - 2022-11-04 03:52:51 --> Unsupported operand types: string + int
#0 C:\xampp\htdocs\stokisapp\system\CodeIgniter.php(832): App\Controllers\Home->keranjang()
#1 C:\xampp\htdocs\stokisapp\system\CodeIgniter.php(419): CodeIgniter\CodeIgniter->runController(Object(App\Controllers\Home))
#2 C:\xampp\htdocs\stokisapp\system\CodeIgniter.php(326): CodeIgniter\CodeIgniter->handleRequest(NULL, Object(Config\Cache), false)
#3 C:\xampp\htdocs\stokisapp\public\index.php(37): CodeIgniter\CodeIgniter->run()
#4 C:\xampp\htdocs\stokisapp\system\Commands\Server\rewrite.php(43): require_once('C:\\xampp\\htdocs...')
#5 {main}
CRITICAL - 2022-11-04 03:53:01 --> Unsupported operand types: string + string
#0 C:\xampp\htdocs\stokisapp\system\CodeIgniter.php(832): App\Controllers\Home->keranjang()
#1 C:\xampp\htdocs\stokisapp\system\CodeIgniter.php(419): CodeIgniter\CodeIgniter->runController(Object(App\Controllers\Home))
#2 C:\xampp\htdocs\stokisapp\system\CodeIgniter.php(326): CodeIgniter\CodeIgniter->handleRequest(NULL, Object(Config\Cache), false)
#3 C:\xampp\htdocs\stokisapp\public\index.php(37): CodeIgniter\CodeIgniter->run()
#4 C:\xampp\htdocs\stokisapp\system\Commands\Server\rewrite.php(43): require_once('C:\\xampp\\htdocs...')
#5 {main}
CRITICAL - 2022-11-04 17:26:02 --> Class "App\Controllers\orderModel" not found
#0 C:\xampp\htdocs\stokisapp\system\CodeIgniter.php(809): App\Controllers\Home->__construct()
#1 C:\xampp\htdocs\stokisapp\system\CodeIgniter.php(410): CodeIgniter\CodeIgniter->createController()
#2 C:\xampp\htdocs\stokisapp\system\CodeIgniter.php(326): CodeIgniter\CodeIgniter->handleRequest(NULL, Object(Config\Cache), false)
#3 C:\xampp\htdocs\stokisapp\public\index.php(37): CodeIgniter\CodeIgniter->run()
#4 C:\xampp\htdocs\stokisapp\system\Commands\Server\rewrite.php(43): require_once('C:\\xampp\\htdocs...')
#5 {main}
CRITICAL - 2022-11-04 17:27:30 --> Class "App\Controllers\orderModel" not found
#0 C:\xampp\htdocs\stokisapp\system\CodeIgniter.php(809): App\Controllers\Home->__construct()
#1 C:\xampp\htdocs\stokisapp\system\CodeIgniter.php(410): CodeIgniter\CodeIgniter->createController()
#2 C:\xampp\htdocs\stokisapp\system\CodeIgniter.php(326): CodeIgniter\CodeIgniter->handleRequest(NULL, Object(Config\Cache), false)
#3 C:\xampp\htdocs\stokisapp\public\index.php(37): CodeIgniter\CodeIgniter->run()
#4 C:\xampp\htdocs\stokisapp\system\Commands\Server\rewrite.php(43): require_once('C:\\xampp\\htdocs...')
#5 {main}
ERROR - 2022-11-04 17:28:55 --> Unknown column 'id_pelanggan' in 'where clause'
CRITICAL - 2022-11-04 17:28:55 --> Unknown column 'id_pelanggan' in 'where clause'
#0 C:\xampp\htdocs\stokisapp\system\Database\MySQLi\Connection.php(292): mysqli->query('SELECT *\nFROM `...', 0)
#1 C:\xampp\htdocs\stokisapp\system\Database\BaseConnection.php(670): CodeIgniter\Database\MySQLi\Connection->execute('SELECT *\nFROM `...')
#2 C:\xampp\htdocs\stokisapp\system\Database\BaseConnection.php(598): CodeIgniter\Database\BaseConnection->simpleQuery('SELECT *\nFROM `...')
#3 C:\xampp\htdocs\stokisapp\system\Database\BaseBuilder.php(1455): CodeIgniter\Database\BaseConnection->query('SELECT *\nFROM `...', Array, false)
#4 C:\xampp\htdocs\stokisapp\system\Model.php(145): CodeIgniter\Database\BaseBuilder->get()
#5 C:\xampp\htdocs\stokisapp\system\BaseModel.php(523): CodeIgniter\Model->doFind(false, NULL)
#6 C:\xampp\htdocs\stokisapp\app\Controllers\Home.php(91): CodeIgniter\BaseModel->find()
#7 C:\xampp\htdocs\stokisapp\system\CodeIgniter.php(832): App\Controllers\Home->orderAdd()
#8 C:\xampp\htdocs\stokisapp\system\CodeIgniter.php(419): CodeIgniter\CodeIgniter->runController(Object(App\Controllers\Home))
#9 C:\xampp\htdocs\stokisapp\system\CodeIgniter.php(326): CodeIgniter\CodeIgniter->handleRequest(NULL, Object(Config\Cache), false)
#10 C:\xampp\htdocs\stokisapp\public\index.php(37): CodeIgniter\CodeIgniter->run()
#11 C:\xampp\htdocs\stokisapp\system\Commands\Server\rewrite.php(43): require_once('C:\\xampp\\htdocs...')
#12 {main}
CRITICAL - 2022-11-04 17:29:31 --> Call to undefined method App\Models\orderModel::getInserID
#0 C:\xampp\htdocs\stokisapp\app\Controllers\Home.php(96): CodeIgniter\Model->__call('getInserID', Array)
#1 C:\xampp\htdocs\stokisapp\system\CodeIgniter.php(832): App\Controllers\Home->orderAdd()
#2 C:\xampp\htdocs\stokisapp\system\CodeIgniter.php(419): CodeIgniter\CodeIgniter->runController(Object(App\Controllers\Home))
#3 C:\xampp\htdocs\stokisapp\system\CodeIgniter.php(326): CodeIgniter\CodeIgniter->handleRequest(NULL, Object(Config\Cache), false)
#4 C:\xampp\htdocs\stokisapp\public\index.php(37): CodeIgniter\CodeIgniter->run()
#5 C:\xampp\htdocs\stokisapp\system\Commands\Server\rewrite.php(43): require_once('C:\\xampp\\htdocs...')
#6 {main}
CRITICAL - 2022-11-04 17:29:46 --> syntax error, unexpected token "]"
#0 C:\xampp\htdocs\stokisapp\system\Router\Router.php(175): CodeIgniter\Router\Router->autoRoute('home/keranjang')
#1 C:\xampp\htdocs\stokisapp\system\CodeIgniter.php(726): CodeIgniter\Router\Router->handle('home/keranjang')
#2 C:\xampp\htdocs\stokisapp\system\CodeIgniter.php(368): CodeIgniter\CodeIgniter->tryToRouteIt(Object(CodeIgniter\Router\RouteCollection))
#3 C:\xampp\htdocs\stokisapp\system\CodeIgniter.php(326): CodeIgniter\CodeIgniter->handleRequest(NULL, Object(Config\Cache), false)
#4 C:\xampp\htdocs\stokisapp\public\index.php(37): CodeIgniter\CodeIgniter->run()
#5 C:\xampp\htdocs\stokisapp\system\Commands\Server\rewrite.php(43): require_once('C:\\xampp\\htdocs...')
#6 {main}
CRITICAL - 2022-11-04 17:35:54 --> Undefined property: App\Controllers\Home::$stokModel
#0 C:\xampp\htdocs\stokisapp\app\Controllers\Home.php(88): CodeIgniter\Debug\Exceptions->errorHandler(2, 'Undefined prope...', 'C:\\xampp\\htdocs...', 88)
#1 C:\xampp\htdocs\stokisapp\system\CodeIgniter.php(832): App\Controllers\Home->orderAdd()
#2 C:\xampp\htdocs\stokisapp\system\CodeIgniter.php(419): CodeIgniter\CodeIgniter->runController(Object(App\Controllers\Home))
#3 C:\xampp\htdocs\stokisapp\system\CodeIgniter.php(326): CodeIgniter\CodeIgniter->handleRequest(NULL, Object(Config\Cache), false)
#4 C:\xampp\htdocs\stokisapp\public\index.php(37): CodeIgniter\CodeIgniter->run()
#5 C:\xampp\htdocs\stokisapp\system\Commands\Server\rewrite.php(43): require_once('C:\\xampp\\htdocs...')
#6 {main}
CRITICAL - 2022-11-04 17:36:22 --> Object of class DateTime could not be converted to string
#0 C:\xampp\htdocs\stokisapp\system\Database\Query.php(318): strtr('INSERT INTO `or...', Array)
#1 C:\xampp\htdocs\stokisapp\system\Database\Query.php(293): CodeIgniter\Database\Query->matchNamedBinds('INSERT INTO `or...', Array)
#2 C:\xampp\htdocs\stokisapp\system\Database\Query.php(150): CodeIgniter\Database\Query->compileBinds()
#3 C:\xampp\htdocs\stokisapp\system\Database\BaseConnection.php(598): CodeIgniter\Database\Query->getQuery()
#4 C:\xampp\htdocs\stokisapp\system\Database\BaseBuilder.php(1771): CodeIgniter\Database\BaseConnection->query('INSERT INTO `or...', Array, false)
#5 C:\xampp\htdocs\stokisapp\system\Model.php(239): CodeIgniter\Database\BaseBuilder->insert()
#6 C:\xampp\htdocs\stokisapp\system\BaseModel.php(738): CodeIgniter\Model->doInsert(Array)
#7 C:\xampp\htdocs\stokisapp\system\Model.php(625): CodeIgniter\BaseModel->insert(Array, true)
#8 C:\xampp\htdocs\stokisapp\app\Controllers\Home.php(88): CodeIgniter\Model->insert(Array)
#9 C:\xampp\htdocs\stokisapp\system\CodeIgniter.php(832): App\Controllers\Home->orderAdd()
#10 C:\xampp\htdocs\stokisapp\system\CodeIgniter.php(419): CodeIgniter\CodeIgniter->runController(Object(App\Controllers\Home))
#11 C:\xampp\htdocs\stokisapp\system\CodeIgniter.php(326): CodeIgniter\CodeIgniter->handleRequest(NULL, Object(Config\Cache), false)
#12 C:\xampp\htdocs\stokisapp\public\index.php(37): CodeIgniter\CodeIgniter->run()
#13 C:\xampp\htdocs\stokisapp\system\Commands\Server\rewrite.php(43): require_once('C:\\xampp\\htdocs...')
#14 {main}
CRITICAL - 2022-11-04 17:38:15 --> Call to undefined method App\Models\orderModel::getInserID
#0 C:\xampp\htdocs\stokisapp\app\Controllers\Home.php(95): CodeIgniter\Model->__call('getInserID', Array)
#1 C:\xampp\htdocs\stokisapp\system\CodeIgniter.php(832): App\Controllers\Home->orderAdd()
#2 C:\xampp\htdocs\stokisapp\system\CodeIgniter.php(419): CodeIgniter\CodeIgniter->runController(Object(App\Controllers\Home))
#3 C:\xampp\htdocs\stokisapp\system\CodeIgniter.php(326): CodeIgniter\CodeIgniter->handleRequest(NULL, Object(Config\Cache), false)
#4 C:\xampp\htdocs\stokisapp\public\index.php(37): CodeIgniter\CodeIgniter->run()
#5 C:\xampp\htdocs\stokisapp\system\Commands\Server\rewrite.php(43): require_once('C:\\xampp\\htdocs...')
#6 {main}
CRITICAL - 2022-11-04 19:10:22 --> Undefined property: CodeIgniter\View\View::$cartModel
#0 C:\xampp\htdocs\stokisapp\app\Views\layout\user.php(104): CodeIgniter\Debug\Exceptions->errorHandler(2, 'Undefined prope...', 'C:\\xampp\\htdocs...', 104)
#1 C:\xampp\htdocs\stokisapp\system\View\View.php(210): include('C:\\xampp\\htdocs...')
#2 C:\xampp\htdocs\stokisapp\system\View\View.php(213): CodeIgniter\View\View->CodeIgniter\View\{closure}()
#3 C:\xampp\htdocs\stokisapp\system\View\View.php(226): CodeIgniter\View\View->render('layout/user', Array, true)
#4 C:\xampp\htdocs\stokisapp\system\Common.php(1089): CodeIgniter\View\View->render('index', Array, true)
#5 C:\xampp\htdocs\stokisapp\app\Controllers\Home.php(40): view('index', Array)
#6 C:\xampp\htdocs\stokisapp\system\CodeIgniter.php(832): App\Controllers\Home->index()
#7 C:\xampp\htdocs\stokisapp\system\CodeIgniter.php(419): CodeIgniter\CodeIgniter->runController(Object(App\Controllers\Home))
#8 C:\xampp\htdocs\stokisapp\system\CodeIgniter.php(326): CodeIgniter\CodeIgniter->handleRequest(NULL, Object(Config\Cache), false)
#9 C:\xampp\htdocs\stokisapp\public\index.php(37): CodeIgniter\CodeIgniter->run()
#10 C:\xampp\htdocs\stokisapp\system\Commands\Server\rewrite.php(43): require_once('C:\\xampp\\htdocs...')
#11 {main}
CRITICAL - 2022-11-04 19:12:16 --> Undefined property: CodeIgniter\View\View::$cartModel
#0 C:\xampp\htdocs\stokisapp\app\Views\layout\user.php(104): CodeIgniter\Debug\Exceptions->errorHandler(2, 'Undefined prope...', 'C:\\xampp\\htdocs...', 104)
#1 C:\xampp\htdocs\stokisapp\system\View\View.php(210): include('C:\\xampp\\htdocs...')
#2 C:\xampp\htdocs\stokisapp\system\View\View.php(213): CodeIgniter\View\View->CodeIgniter\View\{closure}()
#3 C:\xampp\htdocs\stokisapp\system\View\View.php(226): CodeIgniter\View\View->render('layout/user', Array, true)
#4 C:\xampp\htdocs\stokisapp\system\Common.php(1089): CodeIgniter\View\View->render('index', Array, true)
#5 C:\xampp\htdocs\stokisapp\app\Controllers\Home.php(40): view('index', Array)
#6 C:\xampp\htdocs\stokisapp\system\CodeIgniter.php(832): App\Controllers\Home->index()
#7 C:\xampp\htdocs\stokisapp\system\CodeIgniter.php(419): CodeIgniter\CodeIgniter->runController(Object(App\Controllers\Home))
#8 C:\xampp\htdocs\stokisapp\system\CodeIgniter.php(326): CodeIgniter\CodeIgniter->handleRequest(NULL, Object(Config\Cache), false)
#9 C:\xampp\htdocs\stokisapp\public\index.php(37): CodeIgniter\CodeIgniter->run()
#10 C:\xampp\htdocs\stokisapp\system\Commands\Server\rewrite.php(43): require_once('C:\\xampp\\htdocs...')
#11 {main}
CRITICAL - 2022-11-04 19:13:39 --> Class "cartModel" not found
#0 C:\xampp\htdocs\stokisapp\system\View\View.php(210): include()
#1 C:\xampp\htdocs\stokisapp\system\View\View.php(213): CodeIgniter\View\View->CodeIgniter\View\{closure}()
#2 C:\xampp\htdocs\stokisapp\system\View\View.php(226): CodeIgniter\View\View->render('layout/user', Array, true)
#3 C:\xampp\htdocs\stokisapp\system\Common.php(1089): CodeIgniter\View\View->render('index', Array, true)
#4 C:\xampp\htdocs\stokisapp\app\Controllers\Home.php(40): view('index', Array)
#5 C:\xampp\htdocs\stokisapp\system\CodeIgniter.php(832): App\Controllers\Home->index()
#6 C:\xampp\htdocs\stokisapp\system\CodeIgniter.php(419): CodeIgniter\CodeIgniter->runController(Object(App\Controllers\Home))
#7 C:\xampp\htdocs\stokisapp\system\CodeIgniter.php(326): CodeIgniter\CodeIgniter->handleRequest(NULL, Object(Config\Cache), false)
#8 C:\xampp\htdocs\stokisapp\public\index.php(37): CodeIgniter\CodeIgniter->run()
#9 C:\xampp\htdocs\stokisapp\system\Commands\Server\rewrite.php(43): require_once('C:\\xampp\\htdocs...')
#10 {main}
CRITICAL - 2022-11-04 19:14:00 --> Class "App\Model\cartModel" not found
#0 C:\xampp\htdocs\stokisapp\system\View\View.php(210): include()
#1 C:\xampp\htdocs\stokisapp\system\View\View.php(213): CodeIgniter\View\View->CodeIgniter\View\{closure}()
#2 C:\xampp\htdocs\stokisapp\system\View\View.php(226): CodeIgniter\View\View->render('layout/user', Array, true)
#3 C:\xampp\htdocs\stokisapp\system\Common.php(1089): CodeIgniter\View\View->render('index', Array, true)
#4 C:\xampp\htdocs\stokisapp\app\Controllers\Home.php(40): view('index', Array)
#5 C:\xampp\htdocs\stokisapp\system\CodeIgniter.php(832): App\Controllers\Home->index()
#6 C:\xampp\htdocs\stokisapp\system\CodeIgniter.php(419): CodeIgniter\CodeIgniter->runController(Object(App\Controllers\Home))
#7 C:\xampp\htdocs\stokisapp\system\CodeIgniter.php(326): CodeIgniter\CodeIgniter->handleRequest(NULL, Object(Config\Cache), false)
#8 C:\xampp\htdocs\stokisapp\public\index.php(37): CodeIgniter\CodeIgniter->run()
#9 C:\xampp\htdocs\stokisapp\system\Commands\Server\rewrite.php(43): require_once('C:\\xampp\\htdocs...')
#10 {main}
CRITICAL - 2022-11-04 19:14:06 --> Object of class App\Models\cartModel could not be converted to string
#0 C:\xampp\htdocs\stokisapp\system\View\View.php(210): include()
#1 C:\xampp\htdocs\stokisapp\system\View\View.php(213): CodeIgniter\View\View->CodeIgniter\View\{closure}()
#2 C:\xampp\htdocs\stokisapp\system\View\View.php(226): CodeIgniter\View\View->render('layout/user', Array, true)
#3 C:\xampp\htdocs\stokisapp\system\Common.php(1089): CodeIgniter\View\View->render('index', Array, true)
#4 C:\xampp\htdocs\stokisapp\app\Controllers\Home.php(40): view('index', Array)
#5 C:\xampp\htdocs\stokisapp\system\CodeIgniter.php(832): App\Controllers\Home->index()
#6 C:\xampp\htdocs\stokisapp\system\CodeIgniter.php(419): CodeIgniter\CodeIgniter->runController(Object(App\Controllers\Home))
#7 C:\xampp\htdocs\stokisapp\system\CodeIgniter.php(326): CodeIgniter\CodeIgniter->handleRequest(NULL, Object(Config\Cache), false)
#8 C:\xampp\htdocs\stokisapp\public\index.php(37): CodeIgniter\CodeIgniter->run()
#9 C:\xampp\htdocs\stokisapp\system\Commands\Server\rewrite.php(43): require_once('C:\\xampp\\htdocs...')
#10 {main}
CRITICAL - 2022-11-04 19:14:22 --> Undefined property: CodeIgniter\View\View::$cartModel
#0 C:\xampp\htdocs\stokisapp\app\Views\layout\user.php(109): CodeIgniter\Debug\Exceptions->errorHandler(2, 'Undefined prope...', 'C:\\xampp\\htdocs...', 109)
#1 C:\xampp\htdocs\stokisapp\system\View\View.php(210): include('C:\\xampp\\htdocs...')
#2 C:\xampp\htdocs\stokisapp\system\View\View.php(213): CodeIgniter\View\View->CodeIgniter\View\{closure}()
#3 C:\xampp\htdocs\stokisapp\system\View\View.php(226): CodeIgniter\View\View->render('layout/user', Array, true)
#4 C:\xampp\htdocs\stokisapp\system\Common.php(1089): CodeIgniter\View\View->render('index', Array, true)
#5 C:\xampp\htdocs\stokisapp\app\Controllers\Home.php(40): view('index', Array)
#6 C:\xampp\htdocs\stokisapp\system\CodeIgniter.php(832): App\Controllers\Home->index()
#7 C:\xampp\htdocs\stokisapp\system\CodeIgniter.php(419): CodeIgniter\CodeIgniter->runController(Object(App\Controllers\Home))
#8 C:\xampp\htdocs\stokisapp\system\CodeIgniter.php(326): CodeIgniter\CodeIgniter->handleRequest(NULL, Object(Config\Cache), false)
#9 C:\xampp\htdocs\stokisapp\public\index.php(37): CodeIgniter\CodeIgniter->run()
#10 C:\xampp\htdocs\stokisapp\system\Commands\Server\rewrite.php(43): require_once('C:\\xampp\\htdocs...')
#11 {main}
CRITICAL - 2022-11-04 19:14:46 --> Undefined property: CodeIgniter\View\View::$cartModel
#0 C:\xampp\htdocs\stokisapp\app\Views\layout\user.php(109): CodeIgniter\Debug\Exceptions->errorHandler(2, 'Undefined prope...', 'C:\\xampp\\htdocs...', 109)
#1 C:\xampp\htdocs\stokisapp\system\View\View.php(210): include('C:\\xampp\\htdocs...')
#2 C:\xampp\htdocs\stokisapp\system\View\View.php(213): CodeIgniter\View\View->CodeIgniter\View\{closure}()
#3 C:\xampp\htdocs\stokisapp\system\View\View.php(226): CodeIgniter\View\View->render('layout/user', Array, true)
#4 C:\xampp\htdocs\stokisapp\system\Common.php(1089): CodeIgniter\View\View->render('index', Array, true)
#5 C:\xampp\htdocs\stokisapp\app\Controllers\Home.php(40): view('index', Array)
#6 C:\xampp\htdocs\stokisapp\system\CodeIgniter.php(832): App\Controllers\Home->index()
#7 C:\xampp\htdocs\stokisapp\system\CodeIgniter.php(419): CodeIgniter\CodeIgniter->runController(Object(App\Controllers\Home))
#8 C:\xampp\htdocs\stokisapp\system\CodeIgniter.php(326): CodeIgniter\CodeIgniter->handleRequest(NULL, Object(Config\Cache), false)
#9 C:\xampp\htdocs\stokisapp\public\index.php(37): CodeIgniter\CodeIgniter->run()
#10 C:\xampp\htdocs\stokisapp\system\Commands\Server\rewrite.php(43): require_once('C:\\xampp\\htdocs...')
#11 {main}
CRITICAL - 2022-11-04 19:15:21 --> Call to undefined method App\Models\cartModel::countResult
#0 C:\xampp\htdocs\stokisapp\app\Views\layout\user.php(109): CodeIgniter\Model->__call('countResult', Array)
#1 C:\xampp\htdocs\stokisapp\system\View\View.php(210): include('C:\\xampp\\htdocs...')
#2 C:\xampp\htdocs\stokisapp\system\View\View.php(213): CodeIgniter\View\View->CodeIgniter\View\{closure}()
#3 C:\xampp\htdocs\stokisapp\system\View\View.php(226): CodeIgniter\View\View->render('layout/user', Array, true)
#4 C:\xampp\htdocs\stokisapp\system\Common.php(1089): CodeIgniter\View\View->render('index', Array, true)
#5 C:\xampp\htdocs\stokisapp\app\Controllers\Home.php(40): view('index', Array)
#6 C:\xampp\htdocs\stokisapp\system\CodeIgniter.php(832): App\Controllers\Home->index()
#7 C:\xampp\htdocs\stokisapp\system\CodeIgniter.php(419): CodeIgniter\CodeIgniter->runController(Object(App\Controllers\Home))
#8 C:\xampp\htdocs\stokisapp\system\CodeIgniter.php(326): CodeIgniter\CodeIgniter->handleRequest(NULL, Object(Config\Cache), false)
#9 C:\xampp\htdocs\stokisapp\public\index.php(37): CodeIgniter\CodeIgniter->run()
#10 C:\xampp\htdocs\stokisapp\system\Commands\Server\rewrite.php(43): require_once('C:\\xampp\\htdocs...')
#11 {main}
CRITICAL - 2022-11-04 19:18:12 --> Object of class App\Models\cartModel could not be converted to string
#0 C:\xampp\htdocs\stokisapp\system\View\View.php(210): include()
#1 C:\xampp\htdocs\stokisapp\system\View\View.php(213): CodeIgniter\View\View->CodeIgniter\View\{closure}()
#2 C:\xampp\htdocs\stokisapp\system\View\View.php(226): CodeIgniter\View\View->render('layout/user', Array, true)
#3 C:\xampp\htdocs\stokisapp\system\Common.php(1089): CodeIgniter\View\View->render('index', Array, true)
#4 C:\xampp\htdocs\stokisapp\app\Controllers\Home.php(40): view('index', Array)
#5 C:\xampp\htdocs\stokisapp\system\CodeIgniter.php(832): App\Controllers\Home->index()
#6 C:\xampp\htdocs\stokisapp\system\CodeIgniter.php(419): CodeIgniter\CodeIgniter->runController(Object(App\Controllers\Home))
#7 C:\xampp\htdocs\stokisapp\system\CodeIgniter.php(326): CodeIgniter\CodeIgniter->handleRequest(NULL, Object(Config\Cache), false)
#8 C:\xampp\htdocs\stokisapp\public\index.php(37): CodeIgniter\CodeIgniter->run()
#9 C:\xampp\htdocs\stokisapp\system\Commands\Server\rewrite.php(43): require_once('C:\\xampp\\htdocs...')
#10 {main}
CRITICAL - 2022-11-04 19:18:24 --> Object of class App\Models\cartModel could not be converted to string
#0 C:\xampp\htdocs\stokisapp\system\View\View.php(210): include()
#1 C:\xampp\htdocs\stokisapp\system\View\View.php(213): CodeIgniter\View\View->CodeIgniter\View\{closure}()
#2 C:\xampp\htdocs\stokisapp\system\View\View.php(226): CodeIgniter\View\View->render('layout/user', Array, true)
#3 C:\xampp\htdocs\stokisapp\system\Common.php(1089): CodeIgniter\View\View->render('index', Array, true)
#4 C:\xampp\htdocs\stokisapp\app\Controllers\Home.php(40): view('index', Array)
#5 C:\xampp\htdocs\stokisapp\system\CodeIgniter.php(832): App\Controllers\Home->index()
#6 C:\xampp\htdocs\stokisapp\system\CodeIgniter.php(419): CodeIgniter\CodeIgniter->runController(Object(App\Controllers\Home))
#7 C:\xampp\htdocs\stokisapp\system\CodeIgniter.php(326): CodeIgniter\CodeIgniter->handleRequest(NULL, Object(Config\Cache), false)
#8 C:\xampp\htdocs\stokisapp\public\index.php(37): CodeIgniter\CodeIgniter->run()
#9 C:\xampp\htdocs\stokisapp\system\Commands\Server\rewrite.php(43): require_once('C:\\xampp\\htdocs...')
#10 {main}
CRITICAL - 2022-11-04 19:19:47 --> Object of class App\Models\cartModel could not be converted to string
#0 C:\xampp\htdocs\stokisapp\system\View\View.php(210): include()
#1 C:\xampp\htdocs\stokisapp\system\View\View.php(213): CodeIgniter\View\View->CodeIgniter\View\{closure}()
#2 C:\xampp\htdocs\stokisapp\system\View\View.php(226): CodeIgniter\View\View->render('layout/user', Array, true)
#3 C:\xampp\htdocs\stokisapp\system\Common.php(1089): CodeIgniter\View\View->render('index', Array, true)
#4 C:\xampp\htdocs\stokisapp\app\Controllers\Home.php(40): view('index', Array)
#5 C:\xampp\htdocs\stokisapp\system\CodeIgniter.php(832): App\Controllers\Home->index()
#6 C:\xampp\htdocs\stokisapp\system\CodeIgniter.php(419): CodeIgniter\CodeIgniter->runController(Object(App\Controllers\Home))
#7 C:\xampp\htdocs\stokisapp\system\CodeIgniter.php(326): CodeIgniter\CodeIgniter->handleRequest(NULL, Object(Config\Cache), false)
#8 C:\xampp\htdocs\stokisapp\public\index.php(37): CodeIgniter\CodeIgniter->run()
#9 C:\xampp\htdocs\stokisapp\system\Commands\Server\rewrite.php(43): require_once('C:\\xampp\\htdocs...')
#10 {main}
CRITICAL - 2022-11-04 19:37:09 --> Call to a member function where() on array
#0 C:\xampp\htdocs\stokisapp\system\View\View.php(210): include()
#1 C:\xampp\htdocs\stokisapp\system\View\View.php(213): CodeIgniter\View\View->CodeIgniter\View\{closure}()
#2 C:\xampp\htdocs\stokisapp\system\View\View.php(226): CodeIgniter\View\View->render('layout/user', Array, true)
#3 C:\xampp\htdocs\stokisapp\system\Common.php(1089): CodeIgniter\View\View->render('index', Array, true)
#4 C:\xampp\htdocs\stokisapp\app\Controllers\Home.php(40): view('index', Array)
#5 C:\xampp\htdocs\stokisapp\system\CodeIgniter.php(832): App\Controllers\Home->index()
#6 C:\xampp\htdocs\stokisapp\system\CodeIgniter.php(419): CodeIgniter\CodeIgniter->runController(Object(App\Controllers\Home))
#7 C:\xampp\htdocs\stokisapp\system\CodeIgniter.php(326): CodeIgniter\CodeIgniter->handleRequest(NULL, Object(Config\Cache), false)
#8 C:\xampp\htdocs\stokisapp\public\index.php(37): CodeIgniter\CodeIgniter->run()
#9 C:\xampp\htdocs\stokisapp\system\Commands\Server\rewrite.php(43): require_once('C:\\xampp\\htdocs...')
#10 {main}
CRITICAL - 2022-11-04 19:37:20 --> Call to a member function where() on array
#0 C:\xampp\htdocs\stokisapp\system\View\View.php(210): include()
#1 C:\xampp\htdocs\stokisapp\system\View\View.php(213): CodeIgniter\View\View->CodeIgniter\View\{closure}()
#2 C:\xampp\htdocs\stokisapp\system\View\View.php(226): CodeIgniter\View\View->render('layout/user', Array, true)
#3 C:\xampp\htdocs\stokisapp\system\Common.php(1089): CodeIgniter\View\View->render('index', Array, true)
#4 C:\xampp\htdocs\stokisapp\app\Controllers\Home.php(40): view('index', Array)
#5 C:\xampp\htdocs\stokisapp\system\CodeIgniter.php(832): App\Controllers\Home->index()
#6 C:\xampp\htdocs\stokisapp\system\CodeIgniter.php(419): CodeIgniter\CodeIgniter->runController(Object(App\Controllers\Home))
#7 C:\xampp\htdocs\stokisapp\system\CodeIgniter.php(326): CodeIgniter\CodeIgniter->handleRequest(NULL, Object(Config\Cache), false)
#8 C:\xampp\htdocs\stokisapp\public\index.php(37): CodeIgniter\CodeIgniter->run()
#9 C:\xampp\htdocs\stokisapp\system\Commands\Server\rewrite.php(43): require_once('C:\\xampp\\htdocs...')
#10 {main}
CRITICAL - 2022-11-04 19:46:32 --> Call to a member function remove() on array
#0 C:\xampp\htdocs\stokisapp\system\CodeIgniter.php(832): App\Controllers\Home->cartDelete('2')
#1 C:\xampp\htdocs\stokisapp\system\CodeIgniter.php(419): CodeIgniter\CodeIgniter->runController(Object(App\Controllers\Home))
#2 C:\xampp\htdocs\stokisapp\system\CodeIgniter.php(326): CodeIgniter\CodeIgniter->handleRequest(NULL, Object(Config\Cache), false)
#3 C:\xampp\htdocs\stokisapp\public\index.php(37): CodeIgniter\CodeIgniter->run()
#4 C:\xampp\htdocs\stokisapp\system\Commands\Server\rewrite.php(43): require_once('C:\\xampp\\htdocs...')
#5 {main}
CRITICAL - 2022-11-04 19:47:37 --> Call to undefined method App\Models\cartModel::remove
#0 C:\xampp\htdocs\stokisapp\app\Controllers\Home.php(81): CodeIgniter\Model->__call('remove', Array)
#1 C:\xampp\htdocs\stokisapp\system\CodeIgniter.php(832): App\Controllers\Home->cartDelete('2')
#2 C:\xampp\htdocs\stokisapp\system\CodeIgniter.php(419): CodeIgniter\CodeIgniter->runController(Object(App\Controllers\Home))
#3 C:\xampp\htdocs\stokisapp\system\CodeIgniter.php(326): CodeIgniter\CodeIgniter->handleRequest(NULL, Object(Config\Cache), false)
#4 C:\xampp\htdocs\stokisapp\public\index.php(37): CodeIgniter\CodeIgniter->run()
#5 C:\xampp\htdocs\stokisapp\system\Commands\Server\rewrite.php(43): require_once('C:\\xampp\\htdocs...')
#6 {main}
