ERROR - 2022-08-30 01:19:59 --> Error connecting to the database: No connection could be made because the target machine actively refused it
CRITICAL - 2022-08-30 01:19:59 --> Unable to connect to the database.
Main connection [MySQLi]: No connection could be made because the target machine actively refused it
#0 C:\xampp\htdocs\stokisappv2\system\Database\BaseConnection.php(577): CodeIgniter\Database\BaseConnection->initialize()
#1 C:\xampp\htdocs\stokisappv2\system\Database\BaseBuilder.php(1455): CodeIgniter\Database\BaseConnection->query('SELECT *\nFROM `...', Array, false)
#2 C:\xampp\htdocs\stokisappv2\system\Model.php(183): CodeIgniter\Database\BaseBuilder->get()
#3 C:\xampp\htdocs\stokisappv2\system\BaseModel.php(584): CodeIgniter\Model->doFindAll(0, 0)
#4 C:\xampp\htdocs\stokisappv2\app\Controllers\Home.php(20): CodeIgniter\BaseModel->findAll()
#5 C:\xampp\htdocs\stokisappv2\system\CodeIgniter.php(832): App\Controllers\Home->index()
#6 C:\xampp\htdocs\stokisappv2\system\CodeIgniter.php(419): CodeIgniter\CodeIgniter->runController(Object(App\Controllers\Home))
#7 C:\xampp\htdocs\stokisappv2\system\CodeIgniter.php(326): CodeIgniter\CodeIgniter->handleRequest(NULL, Object(Config\Cache), false)
#8 C:\xampp\htdocs\stokisappv2\public\index.php(37): CodeIgniter\CodeIgniter->run()
#9 C:\xampp\htdocs\stokisappv2\system\Commands\Server\rewrite.php(43): require_once('C:\\xampp\\htdocs...')
#10 {main}
CRITICAL - 2022-08-30 22:46:51 --> foreach() argument must be of type array|object, null given
#0 C:\xampp\htdocs\stokisappv2\app\Views\index.php(118): CodeIgniter\Debug\Exceptions->errorHandler(2, 'foreach() argum...', 'C:\\xampp\\htdocs...', 118)
#1 C:\xampp\htdocs\stokisappv2\system\View\View.php(210): include('C:\\xampp\\htdocs...')
#2 C:\xampp\htdocs\stokisappv2\system\View\View.php(213): CodeIgniter\View\View->CodeIgniter\View\{closure}()
#3 C:\xampp\htdocs\stokisappv2\system\Common.php(1089): CodeIgniter\View\View->render('index', Array, true)
#4 C:\xampp\htdocs\stokisappv2\app\Controllers\Home.php(33): view('index', Array)
#5 C:\xampp\htdocs\stokisappv2\system\CodeIgniter.php(832): App\Controllers\Home->index()
#6 C:\xampp\htdocs\stokisappv2\system\CodeIgniter.php(419): CodeIgniter\CodeIgniter->runController(Object(App\Controllers\Home))
#7 C:\xampp\htdocs\stokisappv2\system\CodeIgniter.php(326): CodeIgniter\CodeIgniter->handleRequest(NULL, Object(Config\Cache), false)
#8 C:\xampp\htdocs\stokisappv2\public\index.php(37): CodeIgniter\CodeIgniter->run()
#9 C:\xampp\htdocs\stokisappv2\system\Commands\Server\rewrite.php(43): require_once('C:\\xampp\\htdocs...')
#10 {main}
CRITICAL - 2022-08-30 22:47:11 --> foreach() argument must be of type array|object, null given
#0 C:\xampp\htdocs\stokisappv2\app\Views\index.php(118): CodeIgniter\Debug\Exceptions->errorHandler(2, 'foreach() argum...', 'C:\\xampp\\htdocs...', 118)
#1 C:\xampp\htdocs\stokisappv2\system\View\View.php(210): include('C:\\xampp\\htdocs...')
#2 C:\xampp\htdocs\stokisappv2\system\View\View.php(213): CodeIgniter\View\View->CodeIgniter\View\{closure}()
#3 C:\xampp\htdocs\stokisappv2\system\Common.php(1089): CodeIgniter\View\View->render('index', Array, true)
#4 C:\xampp\htdocs\stokisappv2\app\Controllers\Home.php(33): view('index', Array)
#5 C:\xampp\htdocs\stokisappv2\system\CodeIgniter.php(832): App\Controllers\Home->index()
#6 C:\xampp\htdocs\stokisappv2\system\CodeIgniter.php(419): CodeIgniter\CodeIgniter->runController(Object(App\Controllers\Home))
#7 C:\xampp\htdocs\stokisappv2\system\CodeIgniter.php(326): CodeIgniter\CodeIgniter->handleRequest(NULL, Object(Config\Cache), false)
#8 C:\xampp\htdocs\stokisappv2\public\index.php(37): CodeIgniter\CodeIgniter->run()
#9 C:\xampp\htdocs\stokisappv2\system\Commands\Server\rewrite.php(43): require_once('C:\\xampp\\htdocs...')
#10 {main}
CRITICAL - 2022-08-30 23:04:08 --> Call to undefined method CodeIgniter\Database\MySQLi\Result::find()
#0 C:\xampp\htdocs\stokisappv2\system\CodeIgniter.php(832): App\Controllers\Home->detail('2')
#1 C:\xampp\htdocs\stokisappv2\system\CodeIgniter.php(419): CodeIgniter\CodeIgniter->runController(Object(App\Controllers\Home))
#2 C:\xampp\htdocs\stokisappv2\system\CodeIgniter.php(326): CodeIgniter\CodeIgniter->handleRequest(NULL, Object(Config\Cache), false)
#3 C:\xampp\htdocs\stokisappv2\public\index.php(37): CodeIgniter\CodeIgniter->run()
#4 C:\xampp\htdocs\stokisappv2\system\Commands\Server\rewrite.php(43): require_once('C:\\xampp\\htdocs...')
#5 {main}
CRITICAL - 2022-08-30 23:04:15 --> Call to undefined method CodeIgniter\Database\MySQLi\Result::findall()
#0 C:\xampp\htdocs\stokisappv2\system\CodeIgniter.php(832): App\Controllers\Home->detail('2')
#1 C:\xampp\htdocs\stokisappv2\system\CodeIgniter.php(419): CodeIgniter\CodeIgniter->runController(Object(App\Controllers\Home))
#2 C:\xampp\htdocs\stokisappv2\system\CodeIgniter.php(326): CodeIgniter\CodeIgniter->handleRequest(NULL, Object(Config\Cache), false)
#3 C:\xampp\htdocs\stokisappv2\public\index.php(37): CodeIgniter\CodeIgniter->run()
#4 C:\xampp\htdocs\stokisappv2\system\Commands\Server\rewrite.php(43): require_once('C:\\xampp\\htdocs...')
#5 {main}
CRITICAL - 2022-08-30 23:07:33 --> Call to a member function find() on array
#0 C:\xampp\htdocs\stokisappv2\system\CodeIgniter.php(832): App\Controllers\Home->detail('1')
#1 C:\xampp\htdocs\stokisappv2\system\CodeIgniter.php(419): CodeIgniter\CodeIgniter->runController(Object(App\Controllers\Home))
#2 C:\xampp\htdocs\stokisappv2\system\CodeIgniter.php(326): CodeIgniter\CodeIgniter->handleRequest(NULL, Object(Config\Cache), false)
#3 C:\xampp\htdocs\stokisappv2\public\index.php(37): CodeIgniter\CodeIgniter->run()
#4 C:\xampp\htdocs\stokisappv2\system\Commands\Server\rewrite.php(43): require_once('C:\\xampp\\htdocs...')
#5 {main}
CRITICAL - 2022-08-30 23:07:43 --> mysqli_result::fetch_object(): Argument #1 ($class) must be a valid class name, 1 given
#0 C:\xampp\htdocs\stokisappv2\system\Database\MySQLi\Result.php(148): mysqli_result->fetch_object('1')
#1 C:\xampp\htdocs\stokisappv2\system\Database\BaseResult.php(149): CodeIgniter\Database\MySQLi\Result->fetchObject('1')
#2 C:\xampp\htdocs\stokisappv2\system\Database\BaseResult.php(106): CodeIgniter\Database\BaseResult->getCustomResultObject('1')
#3 C:\xampp\htdocs\stokisappv2\app\Controllers\Home.php(38): CodeIgniter\Database\BaseResult->getResult('1')
#4 C:\xampp\htdocs\stokisappv2\system\CodeIgniter.php(832): App\Controllers\Home->detail('1')
#5 C:\xampp\htdocs\stokisappv2\system\CodeIgniter.php(419): CodeIgniter\CodeIgniter->runController(Object(App\Controllers\Home))
#6 C:\xampp\htdocs\stokisappv2\system\CodeIgniter.php(326): CodeIgniter\CodeIgniter->handleRequest(NULL, Object(Config\Cache), false)
#7 C:\xampp\htdocs\stokisappv2\public\index.php(37): CodeIgniter\CodeIgniter->run()
#8 C:\xampp\htdocs\stokisappv2\system\Commands\Server\rewrite.php(43): require_once('C:\\xampp\\htdocs...')
#9 {main}
CRITICAL - 2022-08-30 23:12:02 --> Object of class App\Controllers\Home could not be converted to string
#0 C:\xampp\htdocs\stokisappv2\system\CodeIgniter.php(832): App\Controllers\Home->detail('1')
#1 C:\xampp\htdocs\stokisappv2\system\CodeIgniter.php(419): CodeIgniter\CodeIgniter->runController(Object(App\Controllers\Home))
#2 C:\xampp\htdocs\stokisappv2\system\CodeIgniter.php(326): CodeIgniter\CodeIgniter->handleRequest(NULL, Object(Config\Cache), false)
#3 C:\xampp\htdocs\stokisappv2\public\index.php(37): CodeIgniter\CodeIgniter->run()
#4 C:\xampp\htdocs\stokisappv2\system\Commands\Server\rewrite.php(43): require_once('C:\\xampp\\htdocs...')
#5 {main}
CRITICAL - 2022-08-30 23:12:19 --> Object of class App\Controllers\Home could not be converted to string
#0 C:\xampp\htdocs\stokisappv2\system\CodeIgniter.php(832): App\Controllers\Home->detail('1')
#1 C:\xampp\htdocs\stokisappv2\system\CodeIgniter.php(419): CodeIgniter\CodeIgniter->runController(Object(App\Controllers\Home))
#2 C:\xampp\htdocs\stokisappv2\system\CodeIgniter.php(326): CodeIgniter\CodeIgniter->handleRequest(NULL, Object(Config\Cache), false)
#3 C:\xampp\htdocs\stokisappv2\public\index.php(37): CodeIgniter\CodeIgniter->run()
#4 C:\xampp\htdocs\stokisappv2\system\Commands\Server\rewrite.php(43): require_once('C:\\xampp\\htdocs...')
#5 {main}
CRITICAL - 2022-08-30 23:12:20 --> Object of class App\Controllers\Home could not be converted to string
#0 C:\xampp\htdocs\stokisappv2\system\CodeIgniter.php(832): App\Controllers\Home->detail('1')
#1 C:\xampp\htdocs\stokisappv2\system\CodeIgniter.php(419): CodeIgniter\CodeIgniter->runController(Object(App\Controllers\Home))
#2 C:\xampp\htdocs\stokisappv2\system\CodeIgniter.php(326): CodeIgniter\CodeIgniter->handleRequest(NULL, Object(Config\Cache), false)
#3 C:\xampp\htdocs\stokisappv2\public\index.php(37): CodeIgniter\CodeIgniter->run()
#4 C:\xampp\htdocs\stokisappv2\system\Commands\Server\rewrite.php(43): require_once('C:\\xampp\\htdocs...')
#5 {main}
CRITICAL - 2022-08-30 23:45:22 --> Trying to access array offset on value of type null
#0 C:\xampp\htdocs\stokisappv2\app\Views\pages\user\detail.php(23): CodeIgniter\Debug\Exceptions->errorHandler(2, 'Trying to acces...', 'C:\\xampp\\htdocs...', 23)
#1 C:\xampp\htdocs\stokisappv2\system\View\View.php(210): include('C:\\xampp\\htdocs...')
#2 C:\xampp\htdocs\stokisappv2\system\View\View.php(213): CodeIgniter\View\View->CodeIgniter\View\{closure}()
#3 C:\xampp\htdocs\stokisappv2\system\Common.php(1089): CodeIgniter\View\View->render('pages/user/deta...', Array, true)
#4 C:\xampp\htdocs\stokisappv2\app\Controllers\Home.php(44): view('pages/user/deta...', Array)
#5 C:\xampp\htdocs\stokisappv2\system\CodeIgniter.php(832): App\Controllers\Home->detail('1')
#6 C:\xampp\htdocs\stokisappv2\system\CodeIgniter.php(419): CodeIgniter\CodeIgniter->runController(Object(App\Controllers\Home))
#7 C:\xampp\htdocs\stokisappv2\system\CodeIgniter.php(326): CodeIgniter\CodeIgniter->handleRequest(NULL, Object(Config\Cache), false)
#8 C:\xampp\htdocs\stokisappv2\public\index.php(37): CodeIgniter\CodeIgniter->run()
#9 C:\xampp\htdocs\stokisappv2\system\Commands\Server\rewrite.php(43): require_once('C:\\xampp\\htdocs...')
#10 {main}
CRITICAL - 2022-08-30 23:45:26 --> Trying to access array offset on value of type null
#0 C:\xampp\htdocs\stokisappv2\app\Views\pages\user\detail.php(23): CodeIgniter\Debug\Exceptions->errorHandler(2, 'Trying to acces...', 'C:\\xampp\\htdocs...', 23)
#1 C:\xampp\htdocs\stokisappv2\system\View\View.php(210): include('C:\\xampp\\htdocs...')
#2 C:\xampp\htdocs\stokisappv2\system\View\View.php(213): CodeIgniter\View\View->CodeIgniter\View\{closure}()
#3 C:\xampp\htdocs\stokisappv2\system\Common.php(1089): CodeIgniter\View\View->render('pages/user/deta...', Array, true)
#4 C:\xampp\htdocs\stokisappv2\app\Controllers\Home.php(44): view('pages/user/deta...', Array)
#5 C:\xampp\htdocs\stokisappv2\system\CodeIgniter.php(832): App\Controllers\Home->detail('1')
#6 C:\xampp\htdocs\stokisappv2\system\CodeIgniter.php(419): CodeIgniter\CodeIgniter->runController(Object(App\Controllers\Home))
#7 C:\xampp\htdocs\stokisappv2\system\CodeIgniter.php(326): CodeIgniter\CodeIgniter->handleRequest(NULL, Object(Config\Cache), false)
#8 C:\xampp\htdocs\stokisappv2\public\index.php(37): CodeIgniter\CodeIgniter->run()
#9 C:\xampp\htdocs\stokisappv2\system\Commands\Server\rewrite.php(43): require_once('C:\\xampp\\htdocs...')
#10 {main}
CRITICAL - 2022-08-30 23:49:34 --> Trying to access array offset on value of type null
#0 C:\xampp\htdocs\stokisappv2\app\Views\pages\user\detail.php(23): CodeIgniter\Debug\Exceptions->errorHandler(2, 'Trying to acces...', 'C:\\xampp\\htdocs...', 23)
#1 C:\xampp\htdocs\stokisappv2\system\View\View.php(210): include('C:\\xampp\\htdocs...')
#2 C:\xampp\htdocs\stokisappv2\system\View\View.php(213): CodeIgniter\View\View->CodeIgniter\View\{closure}()
#3 C:\xampp\htdocs\stokisappv2\system\Common.php(1089): CodeIgniter\View\View->render('pages/user/deta...', Array, true)
#4 C:\xampp\htdocs\stokisappv2\app\Controllers\Home.php(45): view('pages/user/deta...', Array)
#5 C:\xampp\htdocs\stokisappv2\system\CodeIgniter.php(832): App\Controllers\Home->detail('28')
#6 C:\xampp\htdocs\stokisappv2\system\CodeIgniter.php(419): CodeIgniter\CodeIgniter->runController(Object(App\Controllers\Home))
#7 C:\xampp\htdocs\stokisappv2\system\CodeIgniter.php(326): CodeIgniter\CodeIgniter->handleRequest(NULL, Object(Config\Cache), false)
#8 C:\xampp\htdocs\stokisappv2\public\index.php(37): CodeIgniter\CodeIgniter->run()
#9 C:\xampp\htdocs\stokisappv2\system\Commands\Server\rewrite.php(43): require_once('C:\\xampp\\htdocs...')
#10 {main}
CRITICAL - 2022-08-30 23:52:36 --> Trying to access array offset on value of type null
#0 C:\xampp\htdocs\stokisappv2\app\Views\pages\user\detail.php(23): CodeIgniter\Debug\Exceptions->errorHandler(2, 'Trying to acces...', 'C:\\xampp\\htdocs...', 23)
#1 C:\xampp\htdocs\stokisappv2\system\View\View.php(210): include('C:\\xampp\\htdocs...')
#2 C:\xampp\htdocs\stokisappv2\system\View\View.php(213): CodeIgniter\View\View->CodeIgniter\View\{closure}()
#3 C:\xampp\htdocs\stokisappv2\system\Common.php(1089): CodeIgniter\View\View->render('pages/user/deta...', Array, true)
#4 C:\xampp\htdocs\stokisappv2\app\Controllers\Home.php(45): view('pages/user/deta...', Array)
#5 C:\xampp\htdocs\stokisappv2\system\CodeIgniter.php(832): App\Controllers\Home->detail('28')
#6 C:\xampp\htdocs\stokisappv2\system\CodeIgniter.php(419): CodeIgniter\CodeIgniter->runController(Object(App\Controllers\Home))
#7 C:\xampp\htdocs\stokisappv2\system\CodeIgniter.php(326): CodeIgniter\CodeIgniter->handleRequest(NULL, Object(Config\Cache), false)
#8 C:\xampp\htdocs\stokisappv2\public\index.php(37): CodeIgniter\CodeIgniter->run()
#9 C:\xampp\htdocs\stokisappv2\system\Commands\Server\rewrite.php(43): require_once('C:\\xampp\\htdocs...')
#10 {main}
