ERROR - 2022-10-29 05:42:51 --> Duplicate entry '363-1' for key 'PRIMARY'
CRITICAL - 2022-10-29 05:42:51 --> Duplicate entry '363-1' for key 'PRIMARY'
#0 C:\xampp\htdocs\stokisapp\system\Database\MySQLi\Connection.php(292): mysqli->query('INSERT INTO `st...', 0)
#1 C:\xampp\htdocs\stokisapp\system\Database\BaseConnection.php(670): CodeIgniter\Database\MySQLi\Connection->execute('INSERT INTO `st...')
#2 C:\xampp\htdocs\stokisapp\system\Database\BaseConnection.php(598): CodeIgniter\Database\BaseConnection->simpleQuery('INSERT INTO `st...')
#3 C:\xampp\htdocs\stokisapp\system\Database\BaseBuilder.php(1771): CodeIgniter\Database\BaseConnection->query('INSERT INTO `st...', Array, false)
#4 C:\xampp\htdocs\stokisapp\system\Model.php(239): CodeIgniter\Database\BaseBuilder->insert()
#5 C:\xampp\htdocs\stokisapp\system\BaseModel.php(738): CodeIgniter\Model->doInsert(Array)
#6 C:\xampp\htdocs\stokisapp\system\Model.php(625): CodeIgniter\BaseModel->insert(Array, false)
#7 C:\xampp\htdocs\stokisapp\system\BaseModel.php(658): CodeIgniter\Model->insert(Array, false)
#8 C:\xampp\htdocs\stokisapp\app\Controllers\admin.php(63): CodeIgniter\BaseModel->save(Array)
#9 C:\xampp\htdocs\stokisapp\system\CodeIgniter.php(832): App\Controllers\admin->stokAdd()
#10 C:\xampp\htdocs\stokisapp\system\CodeIgniter.php(419): CodeIgniter\CodeIgniter->runController(Object(App\Controllers\admin))
#11 C:\xampp\htdocs\stokisapp\system\CodeIgniter.php(326): CodeIgniter\CodeIgniter->handleRequest(NULL, Object(Config\Cache), false)
#12 C:\xampp\htdocs\stokisapp\public\index.php(37): CodeIgniter\CodeIgniter->run()
#13 C:\xampp\htdocs\stokisapp\system\Commands\Server\rewrite.php(43): require_once('C:\\xampp\\htdocs...')
#14 {main}
CRITICAL - 2022-10-29 20:57:17 --> Trying to access array offset on value of type null
#0 C:\xampp\htdocs\stokisapp\app\Views\pages\user\detail.php(23): CodeIgniter\Debug\Exceptions->errorHandler(2, 'Trying to acces...', 'C:\\xampp\\htdocs...', 23)
#1 C:\xampp\htdocs\stokisapp\system\View\View.php(210): include('C:\\xampp\\htdocs...')
#2 C:\xampp\htdocs\stokisapp\system\View\View.php(213): CodeIgniter\View\View->CodeIgniter\View\{closure}()
#3 C:\xampp\htdocs\stokisapp\system\Common.php(1089): CodeIgniter\View\View->render('pages/user/deta...', Array, true)
#4 C:\xampp\htdocs\stokisapp\app\Controllers\Home.php(47): view('pages/user/deta...', Array)
#5 C:\xampp\htdocs\stokisapp\system\CodeIgniter.php(832): App\Controllers\Home->detail('2')
#6 C:\xampp\htdocs\stokisapp\system\CodeIgniter.php(419): CodeIgniter\CodeIgniter->runController(Object(App\Controllers\Home))
#7 C:\xampp\htdocs\stokisapp\system\CodeIgniter.php(326): CodeIgniter\CodeIgniter->handleRequest(NULL, Object(Config\Cache), false)
#8 C:\xampp\htdocs\stokisapp\public\index.php(37): CodeIgniter\CodeIgniter->run()
#9 C:\xampp\htdocs\stokisapp\system\Commands\Server\rewrite.php(43): require_once('C:\\xampp\\htdocs...')
#10 {main}
